<?xml version="1.0" encoding="UTF-8"?>
<testsuite name="JUnit Vintage" tests="533" skipped="0" failures="0" errors="0" time="49.428" hostname="xand-laptop" timestamp="2018-06-26T10:59:59">
<properties>
[...]
</properties>
<testcase name="testsAreIndependent[tests independent of org.jabref.preferences.JabRefPreferences?]" classname="org.jabref.architecture.TestArchitectureTests" time="2.535">
<system-out><![CDATA[
unique-id: [engine:junit-vintage]/[runner:org.jabref.architecture.TestArchitectureTests]/[test:%5Btests independent of org.jabref.preferences.JabRefPreferences?%5D]/[test:testsAreIndependent%5Btests independent of org.jabref.preferences.JabRefPreferences?%5D(org.jabref.architecture.TestArchitectureTests)]
display-name: testsAreIndependent[tests independent of org.jabref.preferences.JabRefPreferences?]
]]></system-out>
</testcase>
<testcase name="testsAreIndependent[tests independent of org.jabref.Globals?]" classname="org.jabref.architecture.TestArchitectureTests" time="0.071">
<system-out><![CDATA[
unique-id: [engine:junit-vintage]/[runner:org.jabref.architecture.TestArchitectureTests]/[test:%5Btests independent of org.jabref.Globals?%5D]/[test:testsAreIndependent%5Btests independent of org.jabref.Globals?%5D(org.jabref.architecture.TestArchitectureTests)]
display-name: testsAreIndependent[tests independent of org.jabref.Globals?]
]]></system-out>
</testcase>
<testcase name="assertDefaultValuesBibtex[0]" classname="org.jabref.model.EntryTypesTest" time="0.144">
<system-out><![CDATA[
unique-id: [engine:junit-vintage]/[runner:org.jabref.model.EntryTypesTest]/[test:%5B0%5D]/[test:assertDefaultValuesBibtex%5B0%5D(org.jabref.model.EntryTypesTest)]
display-name: assertDefaultValuesBibtex[0]
]]></system-out>
</testcase>
<testcase name="standardTypeIsStillAcessibleIfOverwritten[0]" classname="org.jabref.model.EntryTypesTest" time="0.001">
<system-out><![CDATA[
unique-id: [engine:junit-vintage]/[runner:org.jabref.model.EntryTypesTest]/[test:%5B0%5D]/[test:standardTypeIsStillAcessibleIfOverwritten%5B0%5D(org.jabref.model.EntryTypesTest)]
display-name: standardTypeIsStillAcessibleIfOverwritten[0]
]]></system-out>
</testcase>
<testcase name="standardTypeCannotBeRemoved[0]" classname="org.jabref.model.EntryTypesTest" time="0">
<system-out><![CDATA[
unique-id: [engine:junit-vintage]/[runner:org.jabref.model.EntryTypesTest]/[test:%5B0%5D]/[test:standardTypeCannotBeRemoved%5B0%5D(org.jabref.model.EntryTypesTest)]
display-name: standardTypeCannotBeRemoved[0]
]]></system-out>
</testcase>
<testcase name="unknownTypeIsNotFound[0]" classname="org.jabref.model.EntryTypesTest" time="0">
<system-out><![CDATA[
unique-id: [engine:junit-vintage]/[runner:org.jabref.model.EntryTypesTest]/[test:%5B0%5D]/[test:unknownTypeIsNotFound%5B0%5D(org.jabref.model.EntryTypesTest)]
display-name: unknownTypeIsNotFound[0]
]]></system-out>
</testcase>
<testcase name="registerCustomEntryTypeDoesNotAffectOtherMode[0]" classname="org.jabref.model.EntryTypesTest" time="0">
<system-out><![CDATA[
unique-id: [engine:junit-vintage]/[runner:org.jabref.model.EntryTypesTest]/[test:%5B0%5D]/[test:registerCustomEntryTypeDoesNotAffectOtherMode%5B0%5D(org.jabref.model.EntryTypesTest)]
display-name: registerCustomEntryTypeDoesNotAffectOtherMode[0]
]]></system-out>
</testcase>
<testcase name="assertDefaultValuesBiblatex[0]" classname="org.jabref.model.EntryTypesTest" time="0.001">
<system-out><![CDATA[
unique-id: [engine:junit-vintage]/[runner:org.jabref.model.EntryTypesTest]/[test:%5B0%5D]/[test:assertDefaultValuesBiblatex%5B0%5D(org.jabref.model.EntryTypesTest)]
display-name: assertDefaultValuesBiblatex[0]
]]></system-out>
</testcase>
<testcase name="unknownTypeIsConvertedToMiscByGetTypeOrDefault[0]" classname="org.jabref.model.EntryTypesTest" time="0">
<system-out><![CDATA[
unique-id: [engine:junit-vintage]/[runner:org.jabref.model.EntryTypesTest]/[test:%5B0%5D]/[test:unknownTypeIsConvertedToMiscByGetTypeOrDefault%5B0%5D(org.jabref.model.EntryTypesTest)]
display-name: unknownTypeIsConvertedToMiscByGetTypeOrDefault[0]
]]></system-out>
</testcase>
<testcase name="registeredCustomizedStandardEntryTypeIsContainedInListOfCustomizedEntryTypes[0]" classname="org.jabref.model.EntryTypesTest" time="0.002">
<system-out><![CDATA[
unique-id: [engine:junit-vintage]/[runner:org.jabref.model.EntryTypesTest]/[test:%5B0%5D]/[test:registeredCustomizedStandardEntryTypeIsContainedInListOfCustomizedEntryTypes%5B0%5D(org.jabref.model.EntryTypesTest)]
display-name: registeredCustomizedStandardEntryTypeIsContainedInListOfCustomizedEntryTypes[0]
]]></system-out>
</testcase>
<testcase name="standardTypeIsRestoredAfterDeletionOfOverwrittenType[0]" classname="org.jabref.model.EntryTypesTest" time="0">
<system-out><![CDATA[
unique-id: [engine:junit-vintage]/[runner:org.jabref.model.EntryTypesTest]/[test:%5B0%5D]/[test:standardTypeIsRestoredAfterDeletionOfOverwrittenType%5B0%5D(org.jabref.model.EntryTypesTest)]
display-name: standardTypeIsRestoredAfterDeletionOfOverwrittenType[0]
]]></system-out>
</testcase>
<testcase name="registerCustomEntryType[0]" classname="org.jabref.model.EntryTypesTest" time="0">
<system-out><![CDATA[
unique-id: [engine:junit-vintage]/[runner:org.jabref.model.EntryTypesTest]/[test:%5B0%5D]/[test:registerCustomEntryType%5B0%5D(org.jabref.model.EntryTypesTest)]
display-name: registerCustomEntryType[0]
]]></system-out>
</testcase>
<testcase name="overwriteStandardTypeRequiredFieldsDoesNotAffectOtherMode[0]" classname="org.jabref.model.EntryTypesTest" time="0">
<system-out><![CDATA[
unique-id: [engine:junit-vintage]/[runner:org.jabref.model.EntryTypesTest]/[test:%5B0%5D]/[test:overwriteStandardTypeRequiredFieldsDoesNotAffectOtherMode%5B0%5D(org.jabref.model.EntryTypesTest)]
display-name: overwriteStandardTypeRequiredFieldsDoesNotAffectOtherMode[0]
]]></system-out>
</testcase>
<testcase name="overwriteStandardTypeRequiredFields[0]" classname="org.jabref.model.EntryTypesTest" time="0">
<system-out><![CDATA[
unique-id: [engine:junit-vintage]/[runner:org.jabref.model.EntryTypesTest]/[test:%5B0%5D]/[test:overwriteStandardTypeRequiredFields%5B0%5D(org.jabref.model.EntryTypesTest)]
display-name: overwriteStandardTypeRequiredFields[0]
]]></system-out>
</testcase>
<testcase name="registeredCustomEntryTypeIsContainedInListOfCustomizedEntryTypes[0]" classname="org.jabref.model.EntryTypesTest" time="0.002">
<system-out><![CDATA[
unique-id: [engine:junit-vintage]/[runner:org.jabref.model.EntryTypesTest]/[test:%5B0%5D]/[test:registeredCustomEntryTypeIsContainedInListOfCustomizedEntryTypes%5B0%5D(org.jabref.model.EntryTypesTest)]
display-name: registeredCustomEntryTypeIsContainedInListOfCustomizedEntryTypes[0]
]]></system-out>
</testcase>
<testcase name="overwriteCustomEntryTypeFields[0]" classname="org.jabref.model.EntryTypesTest" time="0.001">
<system-out><![CDATA[
unique-id: [engine:junit-vintage]/[runner:org.jabref.model.EntryTypesTest]/[test:%5B0%5D]/[test:overwriteCustomEntryTypeFields%5B0%5D(org.jabref.model.EntryTypesTest)]
display-name: overwriteCustomEntryTypeFields[0]
]]></system-out>
</testcase>
<testcase name="assertDefaultValuesBibtex[1]" classname="org.jabref.model.EntryTypesTest" time="0">
<system-out><![CDATA[
unique-id: [engine:junit-vintage]/[runner:org.jabref.model.EntryTypesTest]/[test:%5B1%5D]/[test:assertDefaultValuesBibtex%5B1%5D(org.jabref.model.EntryTypesTest)]
display-name: assertDefaultValuesBibtex[1]
]]></system-out>
</testcase>
<testcase name="standardTypeIsStillAcessibleIfOverwritten[1]" classname="org.jabref.model.EntryTypesTest" time="0">
<system-out><![CDATA[
unique-id: [engine:junit-vintage]/[runner:org.jabref.model.EntryTypesTest]/[test:%5B1%5D]/[test:standardTypeIsStillAcessibleIfOverwritten%5B1%5D(org.jabref.model.EntryTypesTest)]
display-name: standardTypeIsStillAcessibleIfOverwritten[1]
]]></system-out>
</testcase>
<testcase name="standardTypeCannotBeRemoved[1]" classname="org.jabref.model.EntryTypesTest" time="0">
<system-out><![CDATA[
unique-id: [engine:junit-vintage]/[runner:org.jabref.model.EntryTypesTest]/[test:%5B1%5D]/[test:standardTypeCannotBeRemoved%5B1%5D(org.jabref.model.EntryTypesTest)]
display-name: standardTypeCannotBeRemoved[1]
]]></system-out>
</testcase>
<testcase name="unknownTypeIsNotFound[1]" classname="org.jabref.model.EntryTypesTest" time="0">
<system-out><![CDATA[
unique-id: [engine:junit-vintage]/[runner:org.jabref.model.EntryTypesTest]/[test:%5B1%5D]/[test:unknownTypeIsNotFound%5B1%5D(org.jabref.model.EntryTypesTest)]
display-name: unknownTypeIsNotFound[1]
]]></system-out>
</testcase>
<testcase name="registerCustomEntryTypeDoesNotAffectOtherMode[1]" classname="org.jabref.model.EntryTypesTest" time="0">
<system-out><![CDATA[
unique-id: [engine:junit-vintage]/[runner:org.jabref.model.EntryTypesTest]/[test:%5B1%5D]/[test:registerCustomEntryTypeDoesNotAffectOtherMode%5B1%5D(org.jabref.model.EntryTypesTest)]
display-name: registerCustomEntryTypeDoesNotAffectOtherMode[1]
]]></system-out>
</testcase>
<testcase name="assertDefaultValuesBiblatex[1]" classname="org.jabref.model.EntryTypesTest" time="0.001">
<system-out><![CDATA[
unique-id: [engine:junit-vintage]/[runner:org.jabref.model.EntryTypesTest]/[test:%5B1%5D]/[test:assertDefaultValuesBiblatex%5B1%5D(org.jabref.model.EntryTypesTest)]
display-name: assertDefaultValuesBiblatex[1]
]]></system-out>
</testcase>
<testcase name="unknownTypeIsConvertedToMiscByGetTypeOrDefault[1]" classname="org.jabref.model.EntryTypesTest" time="0">
<system-out><![CDATA[
unique-id: [engine:junit-vintage]/[runner:org.jabref.model.EntryTypesTest]/[test:%5B1%5D]/[test:unknownTypeIsConvertedToMiscByGetTypeOrDefault%5B1%5D(org.jabref.model.EntryTypesTest)]
display-name: unknownTypeIsConvertedToMiscByGetTypeOrDefault[1]
]]></system-out>
</testcase>
<testcase name="registeredCustomizedStandardEntryTypeIsContainedInListOfCustomizedEntryTypes[1]" classname="org.jabref.model.EntryTypesTest" time="0">
<system-out><![CDATA[
unique-id: [engine:junit-vintage]/[runner:org.jabref.model.EntryTypesTest]/[test:%5B1%5D]/[test:registeredCustomizedStandardEntryTypeIsContainedInListOfCustomizedEntryTypes%5B1%5D(org.jabref.model.EntryTypesTest)]
display-name: registeredCustomizedStandardEntryTypeIsContainedInListOfCustomizedEntryTypes[1]
]]></system-out>
</testcase>
<testcase name="standardTypeIsRestoredAfterDeletionOfOverwrittenType[1]" classname="org.jabref.model.EntryTypesTest" time="0">
<system-out><![CDATA[
unique-id: [engine:junit-vintage]/[runner:org.jabref.model.EntryTypesTest]/[test:%5B1%5D]/[test:standardTypeIsRestoredAfterDeletionOfOverwrittenType%5B1%5D(org.jabref.model.EntryTypesTest)]
display-name: standardTypeIsRestoredAfterDeletionOfOverwrittenType[1]
]]></system-out>
</testcase>
<testcase name="registerCustomEntryType[1]" classname="org.jabref.model.EntryTypesTest" time="0.001">
<system-out><![CDATA[
unique-id: [engine:junit-vintage]/[runner:org.jabref.model.EntryTypesTest]/[test:%5B1%5D]/[test:registerCustomEntryType%5B1%5D(org.jabref.model.EntryTypesTest)]
display-name: registerCustomEntryType[1]
]]></system-out>
</testcase>
<testcase name="overwriteStandardTypeRequiredFieldsDoesNotAffectOtherMode[1]" classname="org.jabref.model.EntryTypesTest" time="0">
<system-out><![CDATA[
unique-id: [engine:junit-vintage]/[runner:org.jabref.model.EntryTypesTest]/[test:%5B1%5D]/[test:overwriteStandardTypeRequiredFieldsDoesNotAffectOtherMode%5B1%5D(org.jabref.model.EntryTypesTest)]
display-name: overwriteStandardTypeRequiredFieldsDoesNotAffectOtherMode[1]
]]></system-out>
</testcase>
<testcase name="overwriteStandardTypeRequiredFields[1]" classname="org.jabref.model.EntryTypesTest" time="0">
<system-out><![CDATA[
unique-id: [engine:junit-vintage]/[runner:org.jabref.model.EntryTypesTest]/[test:%5B1%5D]/[test:overwriteStandardTypeRequiredFields%5B1%5D(org.jabref.model.EntryTypesTest)]
display-name: overwriteStandardTypeRequiredFields[1]
]]></system-out>
</testcase>
<testcase name="registeredCustomEntryTypeIsContainedInListOfCustomizedEntryTypes[1]" classname="org.jabref.model.EntryTypesTest" time="0.002">
<system-out><![CDATA[
unique-id: [engine:junit-vintage]/[runner:org.jabref.model.EntryTypesTest]/[test:%5B1%5D]/[test:registeredCustomEntryTypeIsContainedInListOfCustomizedEntryTypes%5B1%5D(org.jabref.model.EntryTypesTest)]
display-name: registeredCustomEntryTypeIsContainedInListOfCustomizedEntryTypes[1]
]]></system-out>
</testcase>
<testcase name="overwriteCustomEntryTypeFields[1]" classname="org.jabref.model.EntryTypesTest" time="0">
<system-out><![CDATA[
unique-id: [engine:junit-vintage]/[runner:org.jabref.model.EntryTypesTest]/[test:%5B1%5D]/[test:overwriteCustomEntryTypeFields%5B1%5D(org.jabref.model.EntryTypesTest)]
display-name: overwriteCustomEntryTypeFields[1]
]]></system-out>
</testcase>
<testcase name="parseCorrectly[0: parse(Doe, John)=[Author{firstPart='John', firstAbbr='J.', vonPart='null', lastPart='Doe', jrPart='null'}]]" classname="org.jabref.model.entry.AuthorListParameterTest" time="0">
<system-out><![CDATA[
unique-id: [engine:junit-vintage]/[runner:org.jabref.model.entry.AuthorListParameterTest]/[test:%5B0%3A parse(Doe, John)=%5BAuthor{firstPart='John', firstAbbr='J.', vonPart='null', lastPart='Doe', jrPart='null'}%5D%5D]/[test:parseCorrectly%5B0%3A parse(Doe, John)=%5BAuthor{firstPart='John', firstAbbr='J.', vonPart='null', lastPart='Doe', jrPart='null'}%5D%5D(org.jabref.model.entry.AuthorListParameterTest)]
display-name: parseCorrectly[0: parse(Doe, John)=[Author{firstPart='John', firstAbbr='J.', vonPart='null', lastPart='Doe', jrPart='null'}]]
]]></system-out>
</testcase>
<testcase name="parseCorrectly[1: parse(von Berlichingen zu Hornberg, Johann Gottfried)=[Author{firstPart='Johann Gottfried', firstAbbr='J. G.', vonPart='von', lastPart='Berlichingen zu Hornberg', jrPart='null'}]]" classname="org.jabref.model.entry.AuthorListParameterTest" time="0">
<system-out><![CDATA[
unique-id: [engine:junit-vintage]/[runner:org.jabref.model.entry.AuthorListParameterTest]/[test:%5B1%3A parse(von Berlichingen zu Hornberg, Johann Gottfried)=%5BAuthor{firstPart='Johann Gottfried', firstAbbr='J. G.', vonPart='von', lastPart='Berlichingen zu Hornberg', jrPart='null'}%5D%5D]/[test:parseCorrectly%5B1%3A parse(von Berlichingen zu Hornberg, Johann Gottfried)=%5BAuthor{firstPart='Johann Gottfried', firstAbbr='J. G.', vonPart='von', lastPart='Berlichingen zu Hornberg', jrPart='null'}%5D%5D(org.jabref.model.entry.AuthorListParameterTest)]
display-name: parseCorrectly[1: parse(von Berlichingen zu Hornberg, Johann Gottfried)=[Author{firstPart='Johann Gottfried', firstAbbr='J. G.', vonPart='von', lastPart='Berlichingen zu Hornberg', jrPart='null'}]]
]]></system-out>
</testcase>
<testcase name="parseCorrectly[2: parse(de la Vallée Poussin, Jean Charles Gabriel)=[Author{firstPart='Jean Charles Gabriel', firstAbbr='J. C. G.', vonPart='de la', lastPart='Vallée Poussin', jrPart='null'}]]" classname="org.jabref.model.entry.AuthorListParameterTest" time="0">
<system-out><![CDATA[
unique-id: [engine:junit-vintage]/[runner:org.jabref.model.entry.AuthorListParameterTest]/[test:%5B2%3A parse(de la Vallée Poussin, Jean Charles Gabriel)=%5BAuthor{firstPart='Jean Charles Gabriel', firstAbbr='J. C. G.', vonPart='de la', lastPart='Vallée Poussin', jrPart='null'}%5D%5D]/[test:parseCorrectly%5B2%3A parse(de la Vallée Poussin, Jean Charles Gabriel)=%5BAuthor{firstPart='Jean Charles Gabriel', firstAbbr='J. C. G.', vonPart='de la', lastPart='Vallée Poussin', jrPart='null'}%5D%5D(org.jabref.model.entry.AuthorListParameterTest)]
display-name: parseCorrectly[2: parse(de la Vallée Poussin, Jean Charles Gabriel)=[Author{firstPart='Jean Charles Gabriel', firstAbbr='J. C. G.', vonPart='de la', lastPart='Vallée Poussin', jrPart='null'}]]
]]></system-out>
</testcase>
<testcase name="parseCorrectly[3: parse(de la Vallée Poussin, J. C. G.)=[Author{firstPart='J. C. G.', firstAbbr='J. C. G.', vonPart='de la', lastPart='Vallée Poussin', jrPart='null'}]]" classname="org.jabref.model.entry.AuthorListParameterTest" time="0">
<system-out><![CDATA[
unique-id: [engine:junit-vintage]/[runner:org.jabref.model.entry.AuthorListParameterTest]/[test:%5B3%3A parse(de la Vallée Poussin, J. C. G.)=%5BAuthor{firstPart='J. C. G.', firstAbbr='J. C. G.', vonPart='de la', lastPart='Vallée Poussin', jrPart='null'}%5D%5D]/[test:parseCorrectly%5B3%3A parse(de la Vallée Poussin, J. C. G.)=%5BAuthor{firstPart='J. C. G.', firstAbbr='J. C. G.', vonPart='de la', lastPart='Vallée Poussin', jrPart='null'}%5D%5D(org.jabref.model.entry.AuthorListParameterTest)]
display-name: parseCorrectly[3: parse(de la Vallée Poussin, J. C. G.)=[Author{firstPart='J. C. G.', firstAbbr='J. C. G.', vonPart='de la', lastPart='Vallée Poussin', jrPart='null'}]]
]]></system-out>
</testcase>
<testcase name="parseCorrectly[4: parse({K}ent-{B}oswell, E. S.)=[Author{firstPart='E. S.', firstAbbr='E. S.', vonPart='null', lastPart='{K}ent-{B}oswell', jrPart='null'}]]" classname="org.jabref.model.entry.AuthorListParameterTest" time="0">
<system-out><![CDATA[
unique-id: [engine:junit-vintage]/[runner:org.jabref.model.entry.AuthorListParameterTest]/[test:%5B4%3A parse({K}ent-{B}oswell, E. S.)=%5BAuthor{firstPart='E. S.', firstAbbr='E. S.', vonPart='null', lastPart='{K}ent-{B}oswell', jrPart='null'}%5D%5D]/[test:parseCorrectly%5B4%3A parse({K}ent-{B}oswell, E. S.)=%5BAuthor{firstPart='E. S.', firstAbbr='E. S.', vonPart='null', lastPart='{K}ent-{B}oswell', jrPart='null'}%5D%5D(org.jabref.model.entry.AuthorListParameterTest)]
display-name: parseCorrectly[4: parse({K}ent-{B}oswell, E. S.)=[Author{firstPart='E. S.', firstAbbr='E. S.', vonPart='null', lastPart='{K}ent-{B}oswell', jrPart='null'}]]
]]></system-out>
</testcase>
<testcase name="deleteWhenDialogCancelledReturnsFalse" classname="org.jabref.gui.fieldeditors.LinkedFileViewModelTest" time="0.446">
<system-out><![CDATA[
unique-id: [engine:junit-vintage]/[runner:org.jabref.gui.fieldeditors.LinkedFileViewModelTest]/[test:deleteWhenDialogCancelledReturnsFalse(org.jabref.gui.fieldeditors.LinkedFileViewModelTest)]
display-name: deleteWhenDialogCancelledReturnsFalse
]]></system-out>
</testcase>
<testcase name="deleteWhenDeleteChosenAndFileMissingReturnsFalse" classname="org.jabref.gui.fieldeditors.LinkedFileViewModelTest" time="0.004">
<system-out><![CDATA[
unique-id: [engine:junit-vintage]/[runner:org.jabref.gui.fieldeditors.LinkedFileViewModelTest]/[test:deleteWhenDeleteChosenAndFileMissingReturnsFalse(org.jabref.gui.fieldeditors.LinkedFileViewModelTest)]
display-name: deleteWhenDeleteChosenAndFileMissingReturnsFalse
]]></system-out>
</testcase>
<testcase name="deleteWhenFilePathNotPresentReturnsTrue" classname="org.jabref.gui.fieldeditors.LinkedFileViewModelTest" time="0.055">
<system-out><![CDATA[
unique-id: [engine:junit-vintage]/[runner:org.jabref.gui.fieldeditors.LinkedFileViewModelTest]/[test:deleteWhenFilePathNotPresentReturnsTrue(org.jabref.gui.fieldeditors.LinkedFileViewModelTest)]
display-name: deleteWhenFilePathNotPresentReturnsTrue
]]></system-out>
</testcase>
<testcase name="deleteWhenRemoveChosenReturnsTrue" classname="org.jabref.gui.fieldeditors.LinkedFileViewModelTest" time="0.003">
<system-out><![CDATA[
unique-id: [engine:junit-vintage]/[runner:org.jabref.gui.fieldeditors.LinkedFileViewModelTest]/[test:deleteWhenRemoveChosenReturnsTrue(org.jabref.gui.fieldeditors.LinkedFileViewModelTest)]
display-name: deleteWhenRemoveChosenReturnsTrue
]]></system-out>
</testcase>
<testcase name="deleteWhenDeleteChosenReturnsTrueAndDeletesFile" classname="org.jabref.gui.fieldeditors.LinkedFileViewModelTest" time="0.002">
<system-out><![CDATA[
unique-id: [engine:junit-vintage]/[runner:org.jabref.gui.fieldeditors.LinkedFileViewModelTest]/[test:deleteWhenDeleteChosenReturnsTrueAndDeletesFile(org.jabref.gui.fieldeditors.LinkedFileViewModelTest)]
display-name: deleteWhenDeleteChosenReturnsTrueAndDeletesFile
]]></system-out>
</testcase>
<testcase name="switchingFromSourceTabDoesNotThrowException" classname="org.jabref.gui.entryeditor.EntryEditorTest" time="16.787">
<system-out><![CDATA[
unique-id: [engine:junit-vintage]/[runner:org.jabref.gui.entryeditor.EntryEditorTest]/[test:switchingFromSourceTabDoesNotThrowException(org.jabref.gui.entryeditor.EntryEditorTest)]
display-name: switchingFromSourceTabDoesNotThrowException
]]></system-out>
</testcase>
<testcase name="testOpenDuplicatedFileResultsInAnException" classname="org.jabref.gui.journals.ManageJournalAbbreviationsViewModelTest" time="3.939">
<system-out><![CDATA[
unique-id: [engine:junit-vintage]/[runner:org.jabref.gui.journals.ManageJournalAbbreviationsViewModelTest]/[test:testOpenDuplicatedFileResultsInAnException(org.jabref.gui.journals.ManageJournalAbbreviationsViewModelTest)]
display-name: testOpenDuplicatedFileResultsInAnException
]]></system-out>
</testcase>
<testcase name="testInitialHasNoFilesAndNoAbbreviations" classname="org.jabref.gui.journals.ManageJournalAbbreviationsViewModelTest" time="0.55">
<system-out><![CDATA[
unique-id: [engine:junit-vintage]/[runner:org.jabref.gui.journals.ManageJournalAbbreviationsViewModelTest]/[test:testInitialHasNoFilesAndNoAbbreviations(org.jabref.gui.journals.ManageJournalAbbreviationsViewModelTest)]
display-name: testInitialHasNoFilesAndNoAbbreviations
]]></system-out>
</testcase>
<testcase name="testOpenValidFileContainsTheSpecificEntryAndEnoughAbbreviations" classname="org.jabref.gui.journals.ManageJournalAbbreviationsViewModelTest" time="0.732">
<system-out><![CDATA[
unique-id: [engine:junit-vintage]/[runner:org.jabref.gui.journals.ManageJournalAbbreviationsViewModelTest]/[test:testOpenValidFileContainsTheSpecificEntryAndEnoughAbbreviations(org.jabref.gui.journals.ManageJournalAbbreviationsViewModelTest)]
display-name: testOpenValidFileContainsTheSpecificEntryAndEnoughAbbreviations
]]></system-out>
</testcase>
<testcase name="testSaveExternalFilesListToPreferences" classname="org.jabref.gui.journals.ManageJournalAbbreviationsViewModelTest" time="0.778">
<system-out><![CDATA[
unique-id: [engine:junit-vintage]/[runner:org.jabref.gui.journals.ManageJournalAbbreviationsViewModelTest]/[test:testSaveExternalFilesListToPreferences(org.jabref.gui.journals.ManageJournalAbbreviationsViewModelTest)]
display-name: testSaveExternalFilesListToPreferences
]]></system-out>
</testcase>
<testcase name="testAddDuplicatedAbbreviationResultsInException" classname="org.jabref.gui.journals.ManageJournalAbbreviationsViewModelTest" time="0.785">
<system-out><![CDATA[
unique-id: [engine:junit-vintage]/[runner:org.jabref.gui.journals.ManageJournalAbbreviationsViewModelTest]/[test:testAddDuplicatedAbbreviationResultsInException(org.jabref.gui.journals.ManageJournalAbbreviationsViewModelTest)]
display-name: testAddDuplicatedAbbreviationResultsInException
]]></system-out>
</testcase>
<testcase name="testMixedFileUsage" classname="org.jabref.gui.journals.ManageJournalAbbreviationsViewModelTest" time="0.49">
<system-out><![CDATA[
unique-id: [engine:junit-vintage]/[runner:org.jabref.gui.journals.ManageJournalAbbreviationsViewModelTest]/[test:testMixedFileUsage(org.jabref.gui.journals.ManageJournalAbbreviationsViewModelTest)]
display-name: testMixedFileUsage
]]></system-out>
</testcase>
<testcase name="testInitialWithSavedFilesIncrementsFilesCounter" classname="org.jabref.gui.journals.ManageJournalAbbreviationsViewModelTest" time="0.418">
<system-out><![CDATA[
unique-id: [engine:junit-vintage]/[runner:org.jabref.gui.journals.ManageJournalAbbreviationsViewModelTest]/[test:testInitialWithSavedFilesIncrementsFilesCounter(org.jabref.gui.journals.ManageJournalAbbreviationsViewModelTest)]
display-name: testInitialWithSavedFilesIncrementsFilesCounter
]]></system-out>
</testcase>
<testcase name="testRemoveLastListSetsCurrentFileAndCurrentAbbreviationToNull" classname="org.jabref.gui.journals.ManageJournalAbbreviationsViewModelTest" time="0.314">
<system-out><![CDATA[
unique-id: [engine:junit-vintage]/[runner:org.jabref.gui.journals.ManageJournalAbbreviationsViewModelTest]/[test:testRemoveLastListSetsCurrentFileAndCurrentAbbreviationToNull(org.jabref.gui.journals.ManageJournalAbbreviationsViewModelTest)]
display-name: testRemoveLastListSetsCurrentFileAndCurrentAbbreviationToNull
]]></system-out>
</testcase>
<testcase name="testSaveAbbreviationsToFilesCreatesNewFilesWithWrittenAbbreviations" classname="org.jabref.gui.journals.ManageJournalAbbreviationsViewModelTest" time="0.781">
<system-out><![CDATA[
unique-id: [engine:junit-vintage]/[runner:org.jabref.gui.journals.ManageJournalAbbreviationsViewModelTest]/[test:testSaveAbbreviationsToFilesCreatesNewFilesWithWrittenAbbreviations(org.jabref.gui.journals.ManageJournalAbbreviationsViewModelTest)]
display-name: testSaveAbbreviationsToFilesCreatesNewFilesWithWrittenAbbreviations
]]></system-out>
</testcase>
<testcase name="testDeleteAbbreviationSelectsNextOne" classname="org.jabref.gui.journals.ManageJournalAbbreviationsViewModelTest" time="0.657">
<system-out><![CDATA[
unique-id: [engine:junit-vintage]/[runner:org.jabref.gui.journals.ManageJournalAbbreviationsViewModelTest]/[test:testDeleteAbbreviationSelectsNextOne(org.jabref.gui.journals.ManageJournalAbbreviationsViewModelTest)]
display-name: testDeleteAbbreviationSelectsNextOne
]]></system-out>
</testcase>
<testcase name="testEditAbbreviationToEmptyNameResultsInException" classname="org.jabref.gui.journals.ManageJournalAbbreviationsViewModelTest" time="1.014">
<system-out><![CDATA[
unique-id: [engine:junit-vintage]/[runner:org.jabref.gui.journals.ManageJournalAbbreviationsViewModelTest]/[test:testEditAbbreviationToEmptyNameResultsInException(org.jabref.gui.journals.ManageJournalAbbreviationsViewModelTest)]
display-name: testEditAbbreviationToEmptyNameResultsInException
]]></system-out>
</testcase>
<testcase name="testSelectLastJournalFileSwitchesFilesAndTheirAbbreviations" classname="org.jabref.gui.journals.ManageJournalAbbreviationsViewModelTest" time="0.011">
<system-out><![CDATA[
unique-id: [engine:junit-vintage]/[runner:org.jabref.gui.journals.ManageJournalAbbreviationsViewModelTest]/[test:testSelectLastJournalFileSwitchesFilesAndTheirAbbreviations(org.jabref.gui.journals.ManageJournalAbbreviationsViewModelTest)]
display-name: testSelectLastJournalFileSwitchesFilesAndTheirAbbreviations
]]></system-out>
</testcase>
<testcase name="testEditAbbreviationToEmptyAbbreviationResultsInException" classname="org.jabref.gui.journals.ManageJournalAbbreviationsViewModelTest" time="0.067">
<system-out><![CDATA[
unique-id: [engine:junit-vintage]/[runner:org.jabref.gui.journals.ManageJournalAbbreviationsViewModelTest]/[test:testEditAbbreviationToEmptyAbbreviationResultsInException(org.jabref.gui.journals.ManageJournalAbbreviationsViewModelTest)]
display-name: testEditAbbreviationToEmptyAbbreviationResultsInException
]]></system-out>
</testcase>
<testcase name="testEditAbbreviationToExistingOneResultsInException" classname="org.jabref.gui.journals.ManageJournalAbbreviationsViewModelTest" time="0.012">
<system-out><![CDATA[
unique-id: [engine:junit-vintage]/[runner:org.jabref.gui.journals.ManageJournalAbbreviationsViewModelTest]/[test:testEditAbbreviationToExistingOneResultsInException(org.jabref.gui.journals.ManageJournalAbbreviationsViewModelTest)]
display-name: testEditAbbreviationToExistingOneResultsInException
]]></system-out>
</testcase>
<testcase name="testcurrentFilePropertyChangeActiveFile" classname="org.jabref.gui.journals.ManageJournalAbbreviationsViewModelTest" time="0.079">
<system-out><![CDATA[
unique-id: [engine:junit-vintage]/[runner:org.jabref.gui.journals.ManageJournalAbbreviationsViewModelTest]/[test:testcurrentFilePropertyChangeActiveFile(org.jabref.gui.journals.ManageJournalAbbreviationsViewModelTest)]
display-name: testcurrentFilePropertyChangeActiveFile
]]></system-out>
</testcase>
<testcase name="testEditAbbreviationIncludesNewAbbreviationInAbbreviationsList" classname="org.jabref.gui.journals.ManageJournalAbbreviationsViewModelTest" time="0.004">
<system-out><![CDATA[
unique-id: [engine:junit-vintage]/[runner:org.jabref.gui.journals.ManageJournalAbbreviationsViewModelTest]/[test:testEditAbbreviationIncludesNewAbbreviationInAbbreviationsList(org.jabref.gui.journals.ManageJournalAbbreviationsViewModelTest)]
display-name: testEditAbbreviationIncludesNewAbbreviationInAbbreviationsList
]]></system-out>
</testcase>
<testcase name="testRemoveDuplicatesWhenReadingFiles" classname="org.jabref.gui.journals.ManageJournalAbbreviationsViewModelTest" time="0.38">
<system-out><![CDATA[
unique-id: [engine:junit-vintage]/[runner:org.jabref.gui.journals.ManageJournalAbbreviationsViewModelTest]/[test:testRemoveDuplicatesWhenReadingFiles(org.jabref.gui.journals.ManageJournalAbbreviationsViewModelTest)]
display-name: testRemoveDuplicatesWhenReadingFiles
]]></system-out>
</testcase>
<testcase name="testEditSameAbbreviationWithNoChangeDoesNotResultInException" classname="org.jabref.gui.journals.ManageJournalAbbreviationsViewModelTest" time="0.154">
<system-out><![CDATA[
unique-id: [engine:junit-vintage]/[runner:org.jabref.gui.journals.ManageJournalAbbreviationsViewModelTest]/[test:testEditSameAbbreviationWithNoChangeDoesNotResultInException(org.jabref.gui.journals.ManageJournalAbbreviationsViewModelTest)]
display-name: testEditSameAbbreviationWithNoChangeDoesNotResultInException
]]></system-out>
</testcase>
<testcase name="testDeleteAbbreviationSelectsPreviousOne" classname="org.jabref.gui.journals.ManageJournalAbbreviationsViewModelTest" time="0.266">
<system-out><![CDATA[
unique-id: [engine:junit-vintage]/[runner:org.jabref.gui.journals.ManageJournalAbbreviationsViewModelTest]/[test:testDeleteAbbreviationSelectsPreviousOne(org.jabref.gui.journals.ManageJournalAbbreviationsViewModelTest)]
display-name: testDeleteAbbreviationSelectsPreviousOne
]]></system-out>
</testcase>
<testcase name="testBuiltInListsStandardIEEEIncludesAllBuiltIEEEAbbreviations" classname="org.jabref.gui.journals.ManageJournalAbbreviationsViewModelTest" time="0.526">
<system-out><![CDATA[
unique-id: [engine:junit-vintage]/[runner:org.jabref.gui.journals.ManageJournalAbbreviationsViewModelTest]/[test:testBuiltInListsStandardIEEEIncludesAllBuiltIEEEAbbreviations(org.jabref.gui.journals.ManageJournalAbbreviationsViewModelTest)]
display-name: testBuiltInListsStandardIEEEIncludesAllBuiltIEEEAbbreviations
]]></system-out>
</testcase>
<testcase name="addDuplicatedFileResultsInErrorDialog" classname="org.jabref.gui.journals.ManageJournalAbbreviationsViewModelTest" time="1.038">
<system-out><![CDATA[
unique-id: [engine:junit-vintage]/[runner:org.jabref.gui.journals.ManageJournalAbbreviationsViewModelTest]/[test:addDuplicatedFileResultsInErrorDialog(org.jabref.gui.journals.ManageJournalAbbreviationsViewModelTest)]
display-name: addDuplicatedFileResultsInErrorDialog
]]></system-out>
</testcase>
<testcase name="addFileIncreasesCounterOfOpenFilesAndHasNoAbbreviations" classname="org.jabref.gui.journals.ManageJournalAbbreviationsViewModelTest" time="0.504">
<system-out><![CDATA[
unique-id: [engine:junit-vintage]/[runner:org.jabref.gui.journals.ManageJournalAbbreviationsViewModelTest]/[test:addFileIncreasesCounterOfOpenFilesAndHasNoAbbreviations(org.jabref.gui.journals.ManageJournalAbbreviationsViewModelTest)]
display-name: addFileIncreasesCounterOfOpenFilesAndHasNoAbbreviations
]]></system-out>
</testcase>
<testcase name="testAddAbbreviationIncludesAbbreviationsInAbbreviationList" classname="org.jabref.gui.journals.ManageJournalAbbreviationsViewModelTest" time="0.264">
<system-out><![CDATA[
unique-id: [engine:junit-vintage]/[runner:org.jabref.gui.journals.ManageJournalAbbreviationsViewModelTest]/[test:testAddAbbreviationIncludesAbbreviationsInAbbreviationList(org.jabref.gui.journals.ManageJournalAbbreviationsViewModelTest)]
display-name: testAddAbbreviationIncludesAbbreviationsInAbbreviationList
]]></system-out>
</testcase>
<testcase name="testBuiltInListsIncludeAllBuiltInAbbreviations" classname="org.jabref.gui.journals.ManageJournalAbbreviationsViewModelTest" time="0.463">
<system-out><![CDATA[
unique-id: [engine:junit-vintage]/[runner:org.jabref.gui.journals.ManageJournalAbbreviationsViewModelTest]/[test:testBuiltInListsIncludeAllBuiltInAbbreviations(org.jabref.gui.journals.ManageJournalAbbreviationsViewModelTest)]
display-name: testBuiltInListsIncludeAllBuiltInAbbreviations
]]></system-out>
</testcase>
<testcase name="test" classname="org.jabref.gui.externalfiles.AutoSetFileLinksUtilTest" time="0.49">
<system-out><![CDATA[
unique-id: [engine:junit-vintage]/[runner:org.jabref.gui.externalfiles.AutoSetFileLinksUtilTest]/[test:test(org.jabref.gui.externalfiles.AutoSetFileLinksUtilTest)]
display-name: test
]]></system-out>
</testcase>
<testcase name="testWithNullStringDirectory" classname="org.jabref.gui.util.FileDialogConfigurationTest" time="0">
<system-out><![CDATA[
unique-id: [engine:junit-vintage]/[runner:org.jabref.gui.util.FileDialogConfigurationTest]/[test:testWithNullStringDirectory(org.jabref.gui.util.FileDialogConfigurationTest)]
display-name: testWithNullStringDirectory
]]></system-out>
</testcase>
<testcase name="testWithValidDirectoryString" classname="org.jabref.gui.util.FileDialogConfigurationTest" time="0.001">
<system-out><![CDATA[
unique-id: [engine:junit-vintage]/[runner:org.jabref.gui.util.FileDialogConfigurationTest]/[test:testWithValidDirectoryString(org.jabref.gui.util.FileDialogConfigurationTest)]
display-name: testWithValidDirectoryString
]]></system-out>
</testcase>
<testcase name="testWithNonExistingDirectoryAndParentNull" classname="org.jabref.gui.util.FileDialogConfigurationTest" time="0.001">
<system-out><![CDATA[
unique-id: [engine:junit-vintage]/[runner:org.jabref.gui.util.FileDialogConfigurationTest]/[test:testWithNonExistingDirectoryAndParentNull(org.jabref.gui.util.FileDialogConfigurationTest)]
display-name: testWithNonExistingDirectoryAndParentNull
]]></system-out>
</testcase>
<testcase name="testMultipleExtension" classname="org.jabref.gui.util.FileDialogConfigurationTest" time="0.003">
<system-out><![CDATA[
unique-id: [engine:junit-vintage]/[runner:org.jabref.gui.util.FileDialogConfigurationTest]/[test:testMultipleExtension(org.jabref.gui.util.FileDialogConfigurationTest)]
display-name: testMultipleExtension
]]></system-out>
</testcase>
<testcase name="testSingleExtension" classname="org.jabref.gui.util.FileDialogConfigurationTest" time="0">
<system-out><![CDATA[
unique-id: [engine:junit-vintage]/[runner:org.jabref.gui.util.FileDialogConfigurationTest]/[test:testSingleExtension(org.jabref.gui.util.FileDialogConfigurationTest)]
display-name: testSingleExtension
]]></system-out>
</testcase>
<testcase name="testWithNullPathDirectory" classname="org.jabref.gui.util.FileDialogConfigurationTest" time="0">
<system-out><![CDATA[
unique-id: [engine:junit-vintage]/[runner:org.jabref.gui.util.FileDialogConfigurationTest]/[test:testWithNullPathDirectory(org.jabref.gui.util.FileDialogConfigurationTest)]
display-name: testWithNullPathDirectory
]]></system-out>
</testcase>
<testcase name="testWithValidDirectoryPath" classname="org.jabref.gui.util.FileDialogConfigurationTest" time="0">
<system-out><![CDATA[
unique-id: [engine:junit-vintage]/[runner:org.jabref.gui.util.FileDialogConfigurationTest]/[test:testWithValidDirectoryPath(org.jabref.gui.util.FileDialogConfigurationTest)]
display-name: testWithValidDirectoryPath
]]></system-out>
</testcase>
<testcase name="testReadEmtpyMetadata" classname="org.jabref.logic.xmp.XmpUtilReaderTest" time="0.285">
<system-out><![CDATA[
unique-id: [engine:junit-vintage]/[runner:org.jabref.logic.xmp.XmpUtilReaderTest]/[test:testReadEmtpyMetadata(org.jabref.logic.xmp.XmpUtilReaderTest)]
display-name: testReadEmtpyMetadata
]]></system-out>
</testcase>
<testcase name="testReadArticleDublinCoreReadRawXmp" classname="org.jabref.logic.xmp.XmpUtilReaderTest" time="0.188">
<system-out><![CDATA[
unique-id: [engine:junit-vintage]/[runner:org.jabref.logic.xmp.XmpUtilReaderTest]/[test:testReadArticleDublinCoreReadRawXmp(org.jabref.logic.xmp.XmpUtilReaderTest)]
display-name: testReadArticleDublinCoreReadRawXmp
]]></system-out>
</testcase>
<testcase name="testReadArticleDublinCoreReadXmp" classname="org.jabref.logic.xmp.XmpUtilReaderTest" time="0.023">
<system-out><![CDATA[
unique-id: [engine:junit-vintage]/[runner:org.jabref.logic.xmp.XmpUtilReaderTest]/[test:testReadArticleDublinCoreReadXmp(org.jabref.logic.xmp.XmpUtilReaderTest)]
display-name: testReadArticleDublinCoreReadXmp
]]></system-out>
</testcase>
<testcase name="testReadPDMetadata" classname="org.jabref.logic.xmp.XmpUtilReaderTest" time="0.004">
<system-out><![CDATA[
unique-id: [engine:junit-vintage]/[runner:org.jabref.logic.xmp.XmpUtilReaderTest]/[test:testReadPDMetadata(org.jabref.logic.xmp.XmpUtilReaderTest)]
display-name: testReadPDMetadata
]]></system-out>
</testcase>
<testcase name="testWriteXmp" classname="org.jabref.logic.xmp.XmpUtilWriterTest" time="0.233">
<system-out><![CDATA[
unique-id: [engine:junit-vintage]/[runner:org.jabref.logic.xmp.XmpUtilWriterTest]/[test:testWriteXmp(org.jabref.logic.xmp.XmpUtilWriterTest)]
display-name: testWriteXmp
]]></system-out>
</testcase>
<testcase name="testWriteMultipleBibEntries" classname="org.jabref.logic.xmp.XmpUtilWriterTest" time="0.475">
<system-out><![CDATA[
unique-id: [engine:junit-vintage]/[runner:org.jabref.logic.xmp.XmpUtilWriterTest]/[test:testWriteMultipleBibEntries(org.jabref.logic.xmp.XmpUtilWriterTest)]
display-name: testWriteMultipleBibEntries
]]></system-out>
</testcase>
<testcase name="cleanupRenamePdfRenamesFileInSameFolder" classname="org.jabref.logic.cleanup.RenamePdfCleanupTest" time="0.252">
<system-out><![CDATA[
unique-id: [engine:junit-vintage]/[runner:org.jabref.logic.cleanup.RenamePdfCleanupTest]/[test:cleanupRenamePdfRenamesFileInSameFolder(org.jabref.logic.cleanup.RenamePdfCleanupTest)]
display-name: cleanupRenamePdfRenamesFileInSameFolder
]]></system-out>
</testcase>
<testcase name="cleanupRenamePdfRenamesFileStartingWithBibtexKey" classname="org.jabref.logic.cleanup.RenamePdfCleanupTest" time="0.002">
<system-out><![CDATA[
unique-id: [engine:junit-vintage]/[runner:org.jabref.logic.cleanup.RenamePdfCleanupTest]/[test:cleanupRenamePdfRenamesFileStartingWithBibtexKey(org.jabref.logic.cleanup.RenamePdfCleanupTest)]
display-name: cleanupRenamePdfRenamesFileStartingWithBibtexKey
]]></system-out>
</testcase>
<testcase name="cleanupRenamePdfRenamesWithMultipleFiles" classname="org.jabref.logic.cleanup.RenamePdfCleanupTest" time="0.003">
<system-out><![CDATA[
unique-id: [engine:junit-vintage]/[runner:org.jabref.logic.cleanup.RenamePdfCleanupTest]/[test:cleanupRenamePdfRenamesWithMultipleFiles(org.jabref.logic.cleanup.RenamePdfCleanupTest)]
display-name: cleanupRenamePdfRenamesWithMultipleFiles
]]></system-out>
</testcase>
<testcase name="cleanupRenamePdfRenamesFileEvenIfOnlyDifferenceIsCase" classname="org.jabref.logic.cleanup.RenamePdfCleanupTest" time="0.002">
<system-out><![CDATA[
unique-id: [engine:junit-vintage]/[runner:org.jabref.logic.cleanup.RenamePdfCleanupTest]/[test:cleanupRenamePdfRenamesFileEvenIfOnlyDifferenceIsCase(org.jabref.logic.cleanup.RenamePdfCleanupTest)]
display-name: cleanupRenamePdfRenamesFileEvenIfOnlyDifferenceIsCase
]]></system-out>
</testcase>
<testcase name="cleanupGetTargetFilename" classname="org.jabref.logic.cleanup.RenamePdfCleanupTest" time="0.001">
<system-out><![CDATA[
unique-id: [engine:junit-vintage]/[runner:org.jabref.logic.cleanup.RenamePdfCleanupTest]/[test:cleanupGetTargetFilename(org.jabref.logic.cleanup.RenamePdfCleanupTest)]
display-name: cleanupGetTargetFilename
]]></system-out>
</testcase>
<testcase name="cleanupSingleField" classname="org.jabref.logic.cleanup.RenamePdfCleanupTest" time="0.004">
<system-out><![CDATA[
unique-id: [engine:junit-vintage]/[runner:org.jabref.logic.cleanup.RenamePdfCleanupTest]/[test:cleanupSingleField(org.jabref.logic.cleanup.RenamePdfCleanupTest)]
display-name: cleanupSingleField
]]></system-out>
</testcase>
<testcase name="movesFileFromSubfolderMultiple" classname="org.jabref.logic.cleanup.MoveFilesCleanupTest" time="0.009">
<system-out><![CDATA[
unique-id: [engine:junit-vintage]/[runner:org.jabref.logic.cleanup.MoveFilesCleanupTest]/[test:movesFileFromSubfolderMultiple(org.jabref.logic.cleanup.MoveFilesCleanupTest)]
display-name: movesFileFromSubfolderMultiple
]]></system-out>
</testcase>
<testcase name="movesFileFromSubfolderWithSubdirPattern" classname="org.jabref.logic.cleanup.MoveFilesCleanupTest" time="0.012">
<system-out><![CDATA[
unique-id: [engine:junit-vintage]/[runner:org.jabref.logic.cleanup.MoveFilesCleanupTest]/[test:movesFileFromSubfolderWithSubdirPattern(org.jabref.logic.cleanup.MoveFilesCleanupTest)]
display-name: movesFileFromSubfolderWithSubdirPattern
]]></system-out>
</testcase>
<testcase name="movesFileFromSubfolderWithFileDirPattern" classname="org.jabref.logic.cleanup.MoveFilesCleanupTest" time="0.004">
<system-out><![CDATA[
unique-id: [engine:junit-vintage]/[runner:org.jabref.logic.cleanup.MoveFilesCleanupTest]/[test:movesFileFromSubfolderWithFileDirPattern(org.jabref.logic.cleanup.MoveFilesCleanupTest)]
display-name: movesFileFromSubfolderWithFileDirPattern
]]></system-out>
</testcase>
<testcase name="movesFileFromSubfolderWithDeepSubdirPattern" classname="org.jabref.logic.cleanup.MoveFilesCleanupTest" time="0.004">
<system-out><![CDATA[
unique-id: [engine:junit-vintage]/[runner:org.jabref.logic.cleanup.MoveFilesCleanupTest]/[test:movesFileFromSubfolderWithDeepSubdirPattern(org.jabref.logic.cleanup.MoveFilesCleanupTest)]
display-name: movesFileFromSubfolderWithDeepSubdirPattern
]]></system-out>
</testcase>
<testcase name="movesFileFromSubfolder" classname="org.jabref.logic.cleanup.MoveFilesCleanupTest" time="0.003">
<system-out><![CDATA[
unique-id: [engine:junit-vintage]/[runner:org.jabref.logic.cleanup.MoveFilesCleanupTest]/[test:movesFileFromSubfolder(org.jabref.logic.cleanup.MoveFilesCleanupTest)]
display-name: movesFileFromSubfolder
]]></system-out>
</testcase>
<testcase name="cleanupMonthChangesNumberToBibtex" classname="org.jabref.logic.cleanup.CleanupWorkerTest" time="0.001">
<system-out><![CDATA[
unique-id: [engine:junit-vintage]/[runner:org.jabref.logic.cleanup.CleanupWorkerTest]/[test:cleanupMonthChangesNumberToBibtex(org.jabref.logic.cleanup.CleanupWorkerTest)]
display-name: cleanupMonthChangesNumberToBibtex
]]></system-out>
</testcase>
<testcase name="upgradeExternalLinksMoveFromPdfToFile" classname="org.jabref.logic.cleanup.CleanupWorkerTest" time="0.003">
<system-out><![CDATA[
unique-id: [engine:junit-vintage]/[runner:org.jabref.logic.cleanup.CleanupWorkerTest]/[test:upgradeExternalLinksMoveFromPdfToFile(org.jabref.logic.cleanup.CleanupWorkerTest)]
display-name: upgradeExternalLinksMoveFromPdfToFile
]]></system-out>
</testcase>
<testcase name="cleanupDoiRemovesLeadingHttp" classname="org.jabref.logic.cleanup.CleanupWorkerTest" time="0.004">
<system-out><![CDATA[
unique-id: [engine:junit-vintage]/[runner:org.jabref.logic.cleanup.CleanupWorkerTest]/[test:cleanupDoiRemovesLeadingHttp(org.jabref.logic.cleanup.CleanupWorkerTest)]
display-name: cleanupDoiRemovesLeadingHttp
]]></system-out>
</testcase>
<testcase name="convertToBiblatexMovesAddressToLocation" classname="org.jabref.logic.cleanup.CleanupWorkerTest" time="0.001">
<system-out><![CDATA[
unique-id: [engine:junit-vintage]/[runner:org.jabref.logic.cleanup.CleanupWorkerTest]/[test:convertToBiblatexMovesAddressToLocation(org.jabref.logic.cleanup.CleanupWorkerTest)]
display-name: convertToBiblatexMovesAddressToLocation
]]></system-out>
</testcase>
<testcase name="cleanupWithDisabledFieldFormatterChangesNothing" classname="org.jabref.logic.cleanup.CleanupWorkerTest" time="0.001">
<system-out><![CDATA[
unique-id: [engine:junit-vintage]/[runner:org.jabref.logic.cleanup.CleanupWorkerTest]/[test:cleanupWithDisabledFieldFormatterChangesNothing(org.jabref.logic.cleanup.CleanupWorkerTest)]
display-name: cleanupWithDisabledFieldFormatterChangesNothing
]]></system-out>
</testcase>
<testcase name="cleanupFixFileLinksMovesSingleDescriptionToLink" classname="org.jabref.logic.cleanup.CleanupWorkerTest" time="0.001">
<system-out><![CDATA[
unique-id: [engine:junit-vintage]/[runner:org.jabref.logic.cleanup.CleanupWorkerTest]/[test:cleanupFixFileLinksMovesSingleDescriptionToLink(org.jabref.logic.cleanup.CleanupWorkerTest)]
display-name: cleanupFixFileLinksMovesSingleDescriptionToLink
]]></system-out>
</testcase>
<testcase name="cleanupLatexMergesTwoLatexMathEnvironments" classname="org.jabref.logic.cleanup.CleanupWorkerTest" time="0.002">
<system-out><![CDATA[
unique-id: [engine:junit-vintage]/[runner:org.jabref.logic.cleanup.CleanupWorkerTest]/[test:cleanupLatexMergesTwoLatexMathEnvironments(org.jabref.logic.cleanup.CleanupWorkerTest)]
display-name: cleanupLatexMergesTwoLatexMathEnvironments
]]></system-out>
</testcase>
<testcase name="cleanupWithNullPresetThrowsException" classname="org.jabref.logic.cleanup.CleanupWorkerTest" time="0.002">
<system-out><![CDATA[
unique-id: [engine:junit-vintage]/[runner:org.jabref.logic.cleanup.CleanupWorkerTest]/[test:cleanupWithNullPresetThrowsException(org.jabref.logic.cleanup.CleanupWorkerTest)]
display-name: cleanupWithNullPresetThrowsException
]]></system-out>
</testcase>
<testcase name="convertToBiblatexMovesJournalToJournalTitle" classname="org.jabref.logic.cleanup.CleanupWorkerTest" time="0.001">
<system-out><![CDATA[
unique-id: [engine:junit-vintage]/[runner:org.jabref.logic.cleanup.CleanupWorkerTest]/[test:convertToBiblatexMovesJournalToJournalTitle(org.jabref.logic.cleanup.CleanupWorkerTest)]
display-name: convertToBiblatexMovesJournalToJournalTitle
]]></system-out>
</testcase>
<testcase name="cleanupRenamePdfRenamesRelativeFile" classname="org.jabref.logic.cleanup.CleanupWorkerTest" time="0.003">
<system-out><![CDATA[
unique-id: [engine:junit-vintage]/[runner:org.jabref.logic.cleanup.CleanupWorkerTest]/[test:cleanupRenamePdfRenamesRelativeFile(org.jabref.logic.cleanup.CleanupWorkerTest)]
display-name: cleanupRenamePdfRenamesRelativeFile
]]></system-out>
</testcase>
<testcase name="cleanupDoiReturnsChanges" classname="org.jabref.logic.cleanup.CleanupWorkerTest" time="0.002">
<system-out><![CDATA[
unique-id: [engine:junit-vintage]/[runner:org.jabref.logic.cleanup.CleanupWorkerTest]/[test:cleanupDoiReturnsChanges(org.jabref.logic.cleanup.CleanupWorkerTest)]
display-name: cleanupDoiReturnsChanges
]]></system-out>
</testcase>
<testcase name="cleanupDatesConvertsToCorrectFormat" classname="org.jabref.logic.cleanup.CleanupWorkerTest" time="0.001">
<system-out><![CDATA[
unique-id: [engine:junit-vintage]/[runner:org.jabref.logic.cleanup.CleanupWorkerTest]/[test:cleanupDatesConvertsToCorrectFormat(org.jabref.logic.cleanup.CleanupWorkerTest)]
display-name: cleanupDatesConvertsToCorrectFormat
]]></system-out>
</testcase>
<testcase name="cleanupRelativePathsConvertAbsoluteToRelativePath" classname="org.jabref.logic.cleanup.CleanupWorkerTest" time="0.002">
<system-out><![CDATA[
unique-id: [engine:junit-vintage]/[runner:org.jabref.logic.cleanup.CleanupWorkerTest]/[test:cleanupRelativePathsConvertAbsoluteToRelativePath(org.jabref.logic.cleanup.CleanupWorkerTest)]
display-name: cleanupRelativePathsConvertAbsoluteToRelativePath
]]></system-out>
</testcase>
<testcase name="cleanupNullEntryThrowsException" classname="org.jabref.logic.cleanup.CleanupWorkerTest" time="0.001">
<system-out><![CDATA[
unique-id: [engine:junit-vintage]/[runner:org.jabref.logic.cleanup.CleanupWorkerTest]/[test:cleanupNullEntryThrowsException(org.jabref.logic.cleanup.CleanupWorkerTest)]
display-name: cleanupNullEntryThrowsException
]]></system-out>
</testcase>
<testcase name="cleanupHtmlToLatexConvertsEpsilonToLatex" classname="org.jabref.logic.cleanup.CleanupWorkerTest" time="0.001">
<system-out><![CDATA[
unique-id: [engine:junit-vintage]/[runner:org.jabref.logic.cleanup.CleanupWorkerTest]/[test:cleanupHtmlToLatexConvertsEpsilonToLatex(org.jabref.logic.cleanup.CleanupWorkerTest)]
display-name: cleanupHtmlToLatexConvertsEpsilonToLatex
]]></system-out>
</testcase>
<testcase name="cleanupDoiReturnsChangeWhenDoiInURLField" classname="org.jabref.logic.cleanup.CleanupWorkerTest" time="0.002">
<system-out><![CDATA[
unique-id: [engine:junit-vintage]/[runner:org.jabref.logic.cleanup.CleanupWorkerTest]/[test:cleanupDoiReturnsChangeWhenDoiInURLField(org.jabref.logic.cleanup.CleanupWorkerTest)]
display-name: cleanupDoiReturnsChangeWhenDoiInURLField
]]></system-out>
</testcase>
<testcase name="cleanupMoveFilesMovesFileFromSubfolder" classname="org.jabref.logic.cleanup.CleanupWorkerTest" time="0.003">
<system-out><![CDATA[
unique-id: [engine:junit-vintage]/[runner:org.jabref.logic.cleanup.CleanupWorkerTest]/[test:cleanupMoveFilesMovesFileFromSubfolder(org.jabref.logic.cleanup.CleanupWorkerTest)]
display-name: cleanupMoveFilesMovesFileFromSubfolder
]]></system-out>
</testcase>
<testcase name="cleanupUnitsConvertsOneAmpereToLatex" classname="org.jabref.logic.cleanup.CleanupWorkerTest" time="0.012">
<system-out><![CDATA[
unique-id: [engine:junit-vintage]/[runner:org.jabref.logic.cleanup.CleanupWorkerTest]/[test:cleanupUnitsConvertsOneAmpereToLatex(org.jabref.logic.cleanup.CleanupWorkerTest)]
display-name: cleanupUnitsConvertsOneAmpereToLatex
]]></system-out>
</testcase>
<testcase name="upgradeExternalLinksMoveFromPsToFile" classname="org.jabref.logic.cleanup.CleanupWorkerTest" time="0.001">
<system-out><![CDATA[
unique-id: [engine:junit-vintage]/[runner:org.jabref.logic.cleanup.CleanupWorkerTest]/[test:upgradeExternalLinksMoveFromPsToFile(org.jabref.logic.cleanup.CleanupWorkerTest)]
display-name: upgradeExternalLinksMoveFromPsToFile
]]></system-out>
</testcase>
<testcase name="cleanupDoesNothingByDefault" classname="org.jabref.logic.cleanup.CleanupWorkerTest" time="0.001">
<system-out><![CDATA[
unique-id: [engine:junit-vintage]/[runner:org.jabref.logic.cleanup.CleanupWorkerTest]/[test:cleanupDoesNothingByDefault(org.jabref.logic.cleanup.CleanupWorkerTest)]
display-name: cleanupDoesNothingByDefault
]]></system-out>
</testcase>
<testcase name="cleanupCasesAddsBracketAroundAluminiumGalliumArsenid" classname="org.jabref.logic.cleanup.CleanupWorkerTest" time="0.011">
<system-out><![CDATA[
unique-id: [engine:junit-vintage]/[runner:org.jabref.logic.cleanup.CleanupWorkerTest]/[test:cleanupCasesAddsBracketAroundAluminiumGalliumArsenid(org.jabref.logic.cleanup.CleanupWorkerTest)]
display-name: cleanupCasesAddsBracketAroundAluminiumGalliumArsenid
]]></system-out>
</testcase>
<testcase name="cleanupDoiFindsDoiInURLFieldAndMoveItToDOIField" classname="org.jabref.logic.cleanup.CleanupWorkerTest" time="0.002">
<system-out><![CDATA[
unique-id: [engine:junit-vintage]/[runner:org.jabref.logic.cleanup.CleanupWorkerTest]/[test:cleanupDoiFindsDoiInURLFieldAndMoveItToDOIField(org.jabref.logic.cleanup.CleanupWorkerTest)]
display-name: cleanupDoiFindsDoiInURLFieldAndMoveItToDOIField
]]></system-out>
</testcase>
<testcase name="cleanupPageNumbersConvertsSingleDashToDouble" classname="org.jabref.logic.cleanup.CleanupWorkerTest" time="0.001">
<system-out><![CDATA[
unique-id: [engine:junit-vintage]/[runner:org.jabref.logic.cleanup.CleanupWorkerTest]/[test:cleanupPageNumbersConvertsSingleDashToDouble(org.jabref.logic.cleanup.CleanupWorkerTest)]
display-name: cleanupPageNumbersConvertsSingleDashToDouble
]]></system-out>
</testcase>
<testcase name="addSearchListenerNotifiesRegisteredListener" classname="org.jabref.logic.search.SearchQueryHighlightObservableTest" time="0.007">
<system-out><![CDATA[
unique-id: [engine:junit-vintage]/[runner:org.jabref.logic.search.SearchQueryHighlightObservableTest]/[test:addSearchListenerNotifiesRegisteredListener(org.jabref.logic.search.SearchQueryHighlightObservableTest)]
display-name: addSearchListenerNotifiesRegisteredListener
]]></system-out>
</testcase>
<testcase name="addSearchListenerNotifiesListenerAboutPreviousPattern" classname="org.jabref.logic.search.SearchQueryHighlightObservableTest" time="0">
<system-out><![CDATA[
unique-id: [engine:junit-vintage]/[runner:org.jabref.logic.search.SearchQueryHighlightObservableTest]/[test:addSearchListenerNotifiesListenerAboutPreviousPattern(org.jabref.logic.search.SearchQueryHighlightObservableTest)]
display-name: addSearchListenerNotifiesListenerAboutPreviousPattern
]]></system-out>
</testcase>
<testcase name="addSearchListenerNotifiesRegisteredListenerAboutGrammarBasedSearches" classname="org.jabref.logic.search.SearchQueryHighlightObservableTest" time="0">
<system-out><![CDATA[
unique-id: [engine:junit-vintage]/[runner:org.jabref.logic.search.SearchQueryHighlightObservableTest]/[test:addSearchListenerNotifiesRegisteredListenerAboutGrammarBasedSearches(org.jabref.logic.search.SearchQueryHighlightObservableTest)]
display-name: addSearchListenerNotifiesRegisteredListenerAboutGrammarBasedSearches
]]></system-out>
</testcase>
<testcase name="testNotEnabledByDefault" classname="org.jabref.logic.protectedterms.ProtectedTermsListTest" time="0.001">
<system-out><![CDATA[
unique-id: [engine:junit-vintage]/[runner:org.jabref.logic.protectedterms.ProtectedTermsListTest]/[test:testNotEnabledByDefault(org.jabref.logic.protectedterms.ProtectedTermsListTest)]
display-name: testNotEnabledByDefault
]]></system-out>
</testcase>
<testcase name="testCanAddTermToExternalList" classname="org.jabref.logic.protectedterms.ProtectedTermsListTest" time="0.001">
<system-out><![CDATA[
unique-id: [engine:junit-vintage]/[runner:org.jabref.logic.protectedterms.ProtectedTermsListTest]/[test:testCanAddTermToExternalList(org.jabref.logic.protectedterms.ProtectedTermsListTest)]
display-name: testCanAddTermToExternalList
]]></system-out>
</testcase>
<testcase name="testSetEnabledIsEnabled" classname="org.jabref.logic.protectedterms.ProtectedTermsListTest" time="0">
<system-out><![CDATA[
unique-id: [engine:junit-vintage]/[runner:org.jabref.logic.protectedterms.ProtectedTermsListTest]/[test:testSetEnabledIsEnabled(org.jabref.logic.protectedterms.ProtectedTermsListTest)]
display-name: testSetEnabledIsEnabled
]]></system-out>
</testcase>
<testcase name="testGetLocation" classname="org.jabref.logic.protectedterms.ProtectedTermsListTest" time="0.001">
<system-out><![CDATA[
unique-id: [engine:junit-vintage]/[runner:org.jabref.logic.protectedterms.ProtectedTermsListTest]/[test:testGetLocation(org.jabref.logic.protectedterms.ProtectedTermsListTest)]
display-name: testGetLocation
]]></system-out>
</testcase>
<testcase name="testTermAddedToExternalList" classname="org.jabref.logic.protectedterms.ProtectedTermsListTest" time="0">
<system-out><![CDATA[
unique-id: [engine:junit-vintage]/[runner:org.jabref.logic.protectedterms.ProtectedTermsListTest]/[test:testTermAddedToExternalList(org.jabref.logic.protectedterms.ProtectedTermsListTest)]
display-name: testTermAddedToExternalList
]]></system-out>
</testcase>
<testcase name="testCompareTo" classname="org.jabref.logic.protectedterms.ProtectedTermsListTest" time="0">
<system-out><![CDATA[
unique-id: [engine:junit-vintage]/[runner:org.jabref.logic.protectedterms.ProtectedTermsListTest]/[test:testCompareTo(org.jabref.logic.protectedterms.ProtectedTermsListTest)]
display-name: testCompareTo
]]></system-out>
</testcase>
<testcase name="testProtectedTermsListStringListOfStringStringBoolean" classname="org.jabref.logic.protectedterms.ProtectedTermsListTest" time="0">
<system-out><![CDATA[
unique-id: [engine:junit-vintage]/[runner:org.jabref.logic.protectedterms.ProtectedTermsListTest]/[test:testProtectedTermsListStringListOfStringStringBoolean(org.jabref.logic.protectedterms.ProtectedTermsListTest)]
display-name: testProtectedTermsListStringListOfStringStringBoolean
]]></system-out>
</testcase>
<testcase name="testTermNotAddedToInternalList" classname="org.jabref.logic.protectedterms.ProtectedTermsListTest" time="0">
<system-out><![CDATA[
unique-id: [engine:junit-vintage]/[runner:org.jabref.logic.protectedterms.ProtectedTermsListTest]/[test:testTermNotAddedToInternalList(org.jabref.logic.protectedterms.ProtectedTermsListTest)]
display-name: testTermNotAddedToInternalList
]]></system-out>
</testcase>
<testcase name="testGetTermList" classname="org.jabref.logic.protectedterms.ProtectedTermsListTest" time="0">
<system-out><![CDATA[
unique-id: [engine:junit-vintage]/[runner:org.jabref.logic.protectedterms.ProtectedTermsListTest]/[test:testGetTermList(org.jabref.logic.protectedterms.ProtectedTermsListTest)]
display-name: testGetTermList
]]></system-out>
</testcase>
<testcase name="testGetTermListing" classname="org.jabref.logic.protectedterms.ProtectedTermsListTest" time="0">
<system-out><![CDATA[
unique-id: [engine:junit-vintage]/[runner:org.jabref.logic.protectedterms.ProtectedTermsListTest]/[test:testGetTermListing(org.jabref.logic.protectedterms.ProtectedTermsListTest)]
display-name: testGetTermListing
]]></system-out>
</testcase>
<testcase name="testGetDescription" classname="org.jabref.logic.protectedterms.ProtectedTermsListTest" time="0">
<system-out><![CDATA[
unique-id: [engine:junit-vintage]/[runner:org.jabref.logic.protectedterms.ProtectedTermsListTest]/[test:testGetDescription(org.jabref.logic.protectedterms.ProtectedTermsListTest)]
display-name: testGetDescription
]]></system-out>
</testcase>
<testcase name="testProtectedTermsListStringListOfStringString" classname="org.jabref.logic.protectedterms.ProtectedTermsListTest" time="0">
<system-out><![CDATA[
unique-id: [engine:junit-vintage]/[runner:org.jabref.logic.protectedterms.ProtectedTermsListTest]/[test:testProtectedTermsListStringListOfStringString(org.jabref.logic.protectedterms.ProtectedTermsListTest)]
display-name: testProtectedTermsListStringListOfStringString
]]></system-out>
</testcase>
<testcase name="testCanNotAddTermToInternalList" classname="org.jabref.logic.protectedterms.ProtectedTermsListTest" time="0">
<system-out><![CDATA[
unique-id: [engine:junit-vintage]/[runner:org.jabref.logic.protectedterms.ProtectedTermsListTest]/[test:testCanNotAddTermToInternalList(org.jabref.logic.protectedterms.ProtectedTermsListTest)]
display-name: testCanNotAddTermToInternalList
]]></system-out>
</testcase>
<testcase name="testGetProtectedTerms" classname="org.jabref.logic.protectedterms.ProtectedTermsLoaderTest" time="0.002">
<system-out><![CDATA[
unique-id: [engine:junit-vintage]/[runner:org.jabref.logic.protectedterms.ProtectedTermsLoaderTest]/[test:testGetProtectedTerms(org.jabref.logic.protectedterms.ProtectedTermsLoaderTest)]
display-name: testGetProtectedTerms
]]></system-out>
</testcase>
<testcase name="testInitalizedAllInternalDisabled" classname="org.jabref.logic.protectedterms.ProtectedTermsLoaderTest" time="0.003">
<system-out><![CDATA[
unique-id: [engine:junit-vintage]/[runner:org.jabref.logic.protectedterms.ProtectedTermsLoaderTest]/[test:testInitalizedAllInternalDisabled(org.jabref.logic.protectedterms.ProtectedTermsLoaderTest)]
display-name: testInitalizedAllInternalDisabled
]]></system-out>
</testcase>
<testcase name="testNewListsAreEnabled" classname="org.jabref.logic.protectedterms.ProtectedTermsLoaderTest" time="0.003">
<system-out><![CDATA[
unique-id: [engine:junit-vintage]/[runner:org.jabref.logic.protectedterms.ProtectedTermsLoaderTest]/[test:testNewListsAreEnabled(org.jabref.logic.protectedterms.ProtectedTermsLoaderTest)]
display-name: testNewListsAreEnabled
]]></system-out>
</testcase>
<testcase name="testUnknownExternalFileWillNotLoad" classname="org.jabref.logic.protectedterms.ProtectedTermsLoaderTest" time="0.004">
<system-out><![CDATA[
unique-id: [engine:junit-vintage]/[runner:org.jabref.logic.protectedterms.ProtectedTermsLoaderTest]/[test:testUnknownExternalFileWillNotLoad(org.jabref.logic.protectedterms.ProtectedTermsLoaderTest)]
display-name: testUnknownExternalFileWillNotLoad
]]></system-out>
</testcase>
<testcase name="testAddNewTermListAddsList" classname="org.jabref.logic.protectedterms.ProtectedTermsLoaderTest" time="0.003">
<system-out><![CDATA[
unique-id: [engine:junit-vintage]/[runner:org.jabref.logic.protectedterms.ProtectedTermsLoaderTest]/[test:testAddNewTermListAddsList(org.jabref.logic.protectedterms.ProtectedTermsLoaderTest)]
display-name: testAddNewTermListAddsList
]]></system-out>
</testcase>
<testcase name="testAllDisabledNoWords" classname="org.jabref.logic.protectedterms.ProtectedTermsLoaderTest" time="0.002">
<system-out><![CDATA[
unique-id: [engine:junit-vintage]/[runner:org.jabref.logic.protectedterms.ProtectedTermsLoaderTest]/[test:testAllDisabledNoWords(org.jabref.logic.protectedterms.ProtectedTermsLoaderTest)]
display-name: testAllDisabledNoWords
]]></system-out>
</testcase>
<testcase name="testReadProtectedTermsListFromFileEnabledWorks" classname="org.jabref.logic.protectedterms.ProtectedTermsLoaderTest" time="0.002">
<system-out><![CDATA[
unique-id: [engine:junit-vintage]/[runner:org.jabref.logic.protectedterms.ProtectedTermsLoaderTest]/[test:testReadProtectedTermsListFromFileEnabledWorks(org.jabref.logic.protectedterms.ProtectedTermsLoaderTest)]
display-name: testReadProtectedTermsListFromFileEnabledWorks
]]></system-out>
</testcase>
<testcase name="testNewListsAreIncluded" classname="org.jabref.logic.protectedterms.ProtectedTermsLoaderTest" time="0.002">
<system-out><![CDATA[
unique-id: [engine:junit-vintage]/[runner:org.jabref.logic.protectedterms.ProtectedTermsLoaderTest]/[test:testNewListsAreIncluded(org.jabref.logic.protectedterms.ProtectedTermsLoaderTest)]
display-name: testNewListsAreIncluded
]]></system-out>
</testcase>
<testcase name="testDoNotLoadTheSameInternalListTwice" classname="org.jabref.logic.protectedterms.ProtectedTermsLoaderTest" time="0.002">
<system-out><![CDATA[
unique-id: [engine:junit-vintage]/[runner:org.jabref.logic.protectedterms.ProtectedTermsLoaderTest]/[test:testDoNotLoadTheSameInternalListTwice(org.jabref.logic.protectedterms.ProtectedTermsLoaderTest)]
display-name: testDoNotLoadTheSameInternalListTwice
]]></system-out>
</testcase>
<testcase name="testRemoveTermList" classname="org.jabref.logic.protectedterms.ProtectedTermsLoaderTest" time="0.002">
<system-out><![CDATA[
unique-id: [engine:junit-vintage]/[runner:org.jabref.logic.protectedterms.ProtectedTermsLoaderTest]/[test:testRemoveTermList(org.jabref.logic.protectedterms.ProtectedTermsLoaderTest)]
display-name: testRemoveTermList
]]></system-out>
</testcase>
<testcase name="testReadProtectedTermsListFromFileReadsDescription" classname="org.jabref.logic.protectedterms.ProtectedTermsLoaderTest" time="0.001">
<system-out><![CDATA[
unique-id: [engine:junit-vintage]/[runner:org.jabref.logic.protectedterms.ProtectedTermsLoaderTest]/[test:testReadProtectedTermsListFromFileReadsDescription(org.jabref.logic.protectedterms.ProtectedTermsLoaderTest)]
display-name: testReadProtectedTermsListFromFileReadsDescription
]]></system-out>
</testcase>
<testcase name="testAddNewTermListSetsCorrectDescription" classname="org.jabref.logic.protectedterms.ProtectedTermsLoaderTest" time="0.002">
<system-out><![CDATA[
unique-id: [engine:junit-vintage]/[runner:org.jabref.logic.protectedterms.ProtectedTermsLoaderTest]/[test:testAddNewTermListSetsCorrectDescription(org.jabref.logic.protectedterms.ProtectedTermsLoaderTest)]
display-name: testAddNewTermListSetsCorrectDescription
]]></system-out>
</testcase>
<testcase name="testReadProtectedTermsListFromFileIsNotInternalList" classname="org.jabref.logic.protectedterms.ProtectedTermsLoaderTest" time="0.001">
<system-out><![CDATA[
unique-id: [engine:junit-vintage]/[runner:org.jabref.logic.protectedterms.ProtectedTermsLoaderTest]/[test:testReadProtectedTermsListFromFileIsNotInternalList(org.jabref.logic.protectedterms.ProtectedTermsLoaderTest)]
display-name: testReadProtectedTermsListFromFileIsNotInternalList
]]></system-out>
</testcase>
<testcase name="testAddNewTermListNewListInList" classname="org.jabref.logic.protectedterms.ProtectedTermsLoaderTest" time="0.002">
<system-out><![CDATA[
unique-id: [engine:junit-vintage]/[runner:org.jabref.logic.protectedterms.ProtectedTermsLoaderTest]/[test:testAddNewTermListNewListInList(org.jabref.logic.protectedterms.ProtectedTermsLoaderTest)]
display-name: testAddNewTermListNewListInList
]]></system-out>
</testcase>
<testcase name="testRemoveTermListReduceTheCount" classname="org.jabref.logic.protectedterms.ProtectedTermsLoaderTest" time="0.002">
<system-out><![CDATA[
unique-id: [engine:junit-vintage]/[runner:org.jabref.logic.protectedterms.ProtectedTermsLoaderTest]/[test:testRemoveTermListReduceTheCount(org.jabref.logic.protectedterms.ProtectedTermsLoaderTest)]
display-name: testRemoveTermListReduceTheCount
]]></system-out>
</testcase>
<testcase name="testAddProtectedTermsListFromFile" classname="org.jabref.logic.protectedterms.ProtectedTermsLoaderTest" time="0.001">
<system-out><![CDATA[
unique-id: [engine:junit-vintage]/[runner:org.jabref.logic.protectedterms.ProtectedTermsLoaderTest]/[test:testAddProtectedTermsListFromFile(org.jabref.logic.protectedterms.ProtectedTermsLoaderTest)]
display-name: testAddProtectedTermsListFromFile
]]></system-out>
</testcase>
<testcase name="testReadProtectedTermsListFromFileDisabledWorks" classname="org.jabref.logic.protectedterms.ProtectedTermsLoaderTest" time="0.001">
<system-out><![CDATA[
unique-id: [engine:junit-vintage]/[runner:org.jabref.logic.protectedterms.ProtectedTermsLoaderTest]/[test:testReadProtectedTermsListFromFileDisabledWorks(org.jabref.logic.protectedterms.ProtectedTermsLoaderTest)]
display-name: testReadProtectedTermsListFromFileDisabledWorks
]]></system-out>
</testcase>
<testcase name="testReadProtectedTermsListFromFileNoDescriptionGivesDefaultDescription" classname="org.jabref.logic.protectedterms.ProtectedTermsLoaderTest" time="0.001">
<system-out><![CDATA[
unique-id: [engine:junit-vintage]/[runner:org.jabref.logic.protectedterms.ProtectedTermsLoaderTest]/[test:testReadProtectedTermsListFromFileNoDescriptionGivesDefaultDescription(org.jabref.logic.protectedterms.ProtectedTermsLoaderTest)]
display-name: testReadProtectedTermsListFromFileNoDescriptionGivesDefaultDescription
]]></system-out>
</testcase>
<testcase name="underscoreIsPreserved" classname="org.jabref.logic.l10n.LocalizationKeyTest" time="0.001">
<system-out><![CDATA[
unique-id: [engine:junit-vintage]/[runner:org.jabref.logic.l10n.LocalizationKeyTest]/[test:underscoreIsPreserved(org.jabref.logic.l10n.LocalizationKeyTest)]
display-name: underscoreIsPreserved
]]></system-out>
</testcase>
<testcase name="testConversionToPropertiesKey" classname="org.jabref.logic.l10n.LocalizationKeyTest" time="0">
<system-out><![CDATA[
unique-id: [engine:junit-vintage]/[runner:org.jabref.logic.l10n.LocalizationKeyTest]/[test:testConversionToPropertiesKey(org.jabref.logic.l10n.LocalizationKeyTest)]
display-name: testConversionToPropertiesKey
]]></system-out>
</testcase>
<testcase name="testCitationEntryInitalPageInfo" classname="org.jabref.logic.openoffice.CitationEntryTest" time="0.001">
<system-out><![CDATA[
unique-id: [engine:junit-vintage]/[runner:org.jabref.logic.openoffice.CitationEntryTest]/[test:testCitationEntryInitalPageInfo(org.jabref.logic.openoffice.CitationEntryTest)]
display-name: testCitationEntryInitalPageInfo
]]></system-out>
</testcase>
<testcase name="testCitationEntryOptionalInitalPageInfo" classname="org.jabref.logic.openoffice.CitationEntryTest" time="0">
<system-out><![CDATA[
unique-id: [engine:junit-vintage]/[runner:org.jabref.logic.openoffice.CitationEntryTest]/[test:testCitationEntryOptionalInitalPageInfo(org.jabref.logic.openoffice.CitationEntryTest)]
display-name: testCitationEntryOptionalInitalPageInfo
]]></system-out>
</testcase>
<testcase name="testCitationEntryEquals" classname="org.jabref.logic.openoffice.CitationEntryTest" time="0">
<system-out><![CDATA[
unique-id: [engine:junit-vintage]/[runner:org.jabref.logic.openoffice.CitationEntryTest]/[test:testCitationEntryEquals(org.jabref.logic.openoffice.CitationEntryTest)]
display-name: testCitationEntryEquals
]]></system-out>
</testcase>
<testcase name="testCitationEntryNoInitalPageInfoChanged" classname="org.jabref.logic.openoffice.CitationEntryTest" time="0">
<system-out><![CDATA[
unique-id: [engine:junit-vintage]/[runner:org.jabref.logic.openoffice.CitationEntryTest]/[test:testCitationEntryNoInitalPageInfoChanged(org.jabref.logic.openoffice.CitationEntryTest)]
display-name: testCitationEntryNoInitalPageInfoChanged
]]></system-out>
</testcase>
<testcase name="testCitationEntryNoInitalPageInfo" classname="org.jabref.logic.openoffice.CitationEntryTest" time="0">
<system-out><![CDATA[
unique-id: [engine:junit-vintage]/[runner:org.jabref.logic.openoffice.CitationEntryTest]/[test:testCitationEntryNoInitalPageInfo(org.jabref.logic.openoffice.CitationEntryTest)]
display-name: testCitationEntryNoInitalPageInfo
]]></system-out>
</testcase>
<testcase name="testCitationEntryInitalPageInfoChanged" classname="org.jabref.logic.openoffice.CitationEntryTest" time="0.001">
<system-out><![CDATA[
unique-id: [engine:junit-vintage]/[runner:org.jabref.logic.openoffice.CitationEntryTest]/[test:testCitationEntryInitalPageInfoChanged(org.jabref.logic.openoffice.CitationEntryTest)]
display-name: testCitationEntryInitalPageInfoChanged
]]></system-out>
</testcase>
<testcase name="testCitationEntryCompareTo" classname="org.jabref.logic.openoffice.CitationEntryTest" time="0">
<system-out><![CDATA[
unique-id: [engine:junit-vintage]/[runner:org.jabref.logic.openoffice.CitationEntryTest]/[test:testCitationEntryCompareTo(org.jabref.logic.openoffice.CitationEntryTest)]
display-name: testCitationEntryCompareTo
]]></system-out>
</testcase>
<testcase name="testCitationEntryInitalPageInfoRemoved" classname="org.jabref.logic.openoffice.CitationEntryTest" time="0">
<system-out><![CDATA[
unique-id: [engine:junit-vintage]/[runner:org.jabref.logic.openoffice.CitationEntryTest]/[test:testCitationEntryInitalPageInfoRemoved(org.jabref.logic.openoffice.CitationEntryTest)]
display-name: testCitationEntryInitalPageInfoRemoved
]]></system-out>
</testcase>
<testcase name="testFormat[0: format(&quot;&quot;)=&quot;&quot;]" classname="org.jabref.logic.layout.format.AuthorAndToSemicolonReplacerTest" time="0">
<system-out><![CDATA[
unique-id: [engine:junit-vintage]/[runner:org.jabref.logic.layout.format.AuthorAndToSemicolonReplacerTest]/[test:%5B0%3A format("")=""%5D]/[test:testFormat%5B0%3A format("")=""%5D(org.jabref.logic.layout.format.AuthorAndToSemicolonReplacerTest)]
display-name: testFormat[0: format("")=""]
]]></system-out>
</testcase>
<testcase name="testFormat[1: format(&quot;Someone, Van Something&quot;)=&quot;Someone, Van Something&quot;]" classname="org.jabref.logic.layout.format.AuthorAndToSemicolonReplacerTest" time="0">
<system-out><![CDATA[
unique-id: [engine:junit-vintage]/[runner:org.jabref.logic.layout.format.AuthorAndToSemicolonReplacerTest]/[test:%5B1%3A format("Someone, Van Something")="Someone, Van Something"%5D]/[test:testFormat%5B1%3A format("Someone, Van Something")="Someone, Van Something"%5D(org.jabref.logic.layout.format.AuthorAndToSemicolonReplacerTest)]
display-name: testFormat[1: format("Someone, Van Something")="Someone, Van Something"]
]]></system-out>
</testcase>
<testcase name="testFormat[2: format(&quot;John Smith and Black Brown, Peter&quot;)=&quot;John Smith; Black Brown, Peter&quot;]" classname="org.jabref.logic.layout.format.AuthorAndToSemicolonReplacerTest" time="0">
<system-out><![CDATA[
unique-id: [engine:junit-vintage]/[runner:org.jabref.logic.layout.format.AuthorAndToSemicolonReplacerTest]/[test:%5B2%3A format("John Smith and Black Brown, Peter")="John Smith; Black Brown, Peter"%5D]/[test:testFormat%5B2%3A format("John Smith and Black Brown, Peter")="John Smith; Black Brown, Peter"%5D(org.jabref.logic.layout.format.AuthorAndToSemicolonReplacerTest)]
display-name: testFormat[2: format("John Smith and Black Brown, Peter")="John Smith; Black Brown, Peter"]
]]></system-out>
</testcase>
<testcase name="testFormat[3: format(&quot;von Neumann, John and Smith, John and Black Brown, Peter&quot;)=&quot;von Neumann, John; Smith, John; Black Brown, Peter&quot;]" classname="org.jabref.logic.layout.format.AuthorAndToSemicolonReplacerTest" time="0">
<system-out><![CDATA[
unique-id: [engine:junit-vintage]/[runner:org.jabref.logic.layout.format.AuthorAndToSemicolonReplacerTest]/[test:%5B3%3A format("von Neumann, John and Smith, John and Black Brown, Peter")="von Neumann, John; Smith, John; Black Brown, Peter"%5D]/[test:testFormat%5B3%3A format("von Neumann, John and Smith, John and Black Brown, Peter")="von Neumann, John; Smith, John; Black Brown, Peter"%5D(org.jabref.logic.layout.format.AuthorAndToSemicolonReplacerTest)]
display-name: testFormat[3: format("von Neumann, John and Smith, John and Black Brown, Peter")="von Neumann, John; Smith, John; Black Brown, Peter"]
]]></system-out>
</testcase>
<testcase name="testFormat[4: format(&quot;John von Neumann and John Smith and Peter Black Brown&quot;)=&quot;John von Neumann; John Smith; Peter Black Brown&quot;]" classname="org.jabref.logic.layout.format.AuthorAndToSemicolonReplacerTest" time="0">
<system-out><![CDATA[
unique-id: [engine:junit-vintage]/[runner:org.jabref.logic.layout.format.AuthorAndToSemicolonReplacerTest]/[test:%5B4%3A format("John von Neumann and John Smith and Peter Black Brown")="John von Neumann; John Smith; Peter Black Brown"%5D]/[test:testFormat%5B4%3A format("John von Neumann and John Smith and Peter Black Brown")="John von Neumann; John Smith; Peter Black Brown"%5D(org.jabref.logic.layout.format.AuthorAndToSemicolonReplacerTest)]
display-name: testFormat[4: format("John von Neumann and John Smith and Peter Black Brown")="John von Neumann; John Smith; Peter Black Brown"]
]]></system-out>
</testcase>
<testcase name="writeMutlipleEntriesInASingleFile" classname="org.jabref.logic.exporter.XmpExporterTest" time="0.031">
<system-out><![CDATA[
unique-id: [engine:junit-vintage]/[runner:org.jabref.logic.exporter.XmpExporterTest]/[test:writeMutlipleEntriesInASingleFile(org.jabref.logic.exporter.XmpExporterTest)]
display-name: writeMutlipleEntriesInASingleFile
]]></system-out>
</testcase>
<testcase name="writeMultipleEntriesInDifferentFiles" classname="org.jabref.logic.exporter.XmpExporterTest" time="0.012">
<system-out><![CDATA[
unique-id: [engine:junit-vintage]/[runner:org.jabref.logic.exporter.XmpExporterTest]/[test:writeMultipleEntriesInDifferentFiles(org.jabref.logic.exporter.XmpExporterTest)]
display-name: writeMultipleEntriesInDifferentFiles
]]></system-out>
</testcase>
<testcase name="exportSingleEntry" classname="org.jabref.logic.exporter.XmpExporterTest" time="0.365">
<system-out><![CDATA[
unique-id: [engine:junit-vintage]/[runner:org.jabref.logic.exporter.XmpExporterTest]/[test:exportSingleEntry(org.jabref.logic.exporter.XmpExporterTest)]
display-name: exportSingleEntry
]]></system-out>
</testcase>
<testcase name="testExportingEmptyDatabaseYieldsEmptyFile[0: HTML file (*.html)]" classname="org.jabref.logic.exporter.ExporterTest" time="0.001">
<system-out><![CDATA[
unique-id: [engine:junit-vintage]/[runner:org.jabref.logic.exporter.ExporterTest]/[test:%5B0%3A HTML file (*.html)%5D]/[test:testExportingEmptyDatabaseYieldsEmptyFile%5B0%3A HTML file (*.html)%5D(org.jabref.logic.exporter.ExporterTest)]
display-name: testExportingEmptyDatabaseYieldsEmptyFile[0: HTML file (*.html)]
]]></system-out>
</testcase>
<testcase name="testExportingNullEntriesThrowsNPE[0: HTML file (*.html)]" classname="org.jabref.logic.exporter.ExporterTest" time="0">
<system-out><![CDATA[
unique-id: [engine:junit-vintage]/[runner:org.jabref.logic.exporter.ExporterTest]/[test:%5B0%3A HTML file (*.html)%5D]/[test:testExportingNullEntriesThrowsNPE%5B0%3A HTML file (*.html)%5D(org.jabref.logic.exporter.ExporterTest)]
display-name: testExportingNullEntriesThrowsNPE[0: HTML file (*.html)]
]]></system-out>
</testcase>
<testcase name="testExportingNullDatabaseThrowsNPE[0: HTML file (*.html)]" classname="org.jabref.logic.exporter.ExporterTest" time="0">
<system-out><![CDATA[
unique-id: [engine:junit-vintage]/[runner:org.jabref.logic.exporter.ExporterTest]/[test:%5B0%3A HTML file (*.html)%5D]/[test:testExportingNullDatabaseThrowsNPE%5B0%3A HTML file (*.html)%5D(org.jabref.logic.exporter.ExporterTest)]
display-name: testExportingNullDatabaseThrowsNPE[0: HTML file (*.html)]
]]></system-out>
</testcase>
<testcase name="testExportingEmptyDatabaseYieldsEmptyFile[1: Simple HTML file (*.html)]" classname="org.jabref.logic.exporter.ExporterTest" time="0.001">
<system-out><![CDATA[
unique-id: [engine:junit-vintage]/[runner:org.jabref.logic.exporter.ExporterTest]/[test:%5B1%3A Simple HTML file (*.html)%5D]/[test:testExportingEmptyDatabaseYieldsEmptyFile%5B1%3A Simple HTML file (*.html)%5D(org.jabref.logic.exporter.ExporterTest)]
display-name: testExportingEmptyDatabaseYieldsEmptyFile[1: Simple HTML file (*.html)]
]]></system-out>
</testcase>
<testcase name="testExportingNullEntriesThrowsNPE[1: Simple HTML file (*.html)]" classname="org.jabref.logic.exporter.ExporterTest" time="0.001">
<system-out><![CDATA[
unique-id: [engine:junit-vintage]/[runner:org.jabref.logic.exporter.ExporterTest]/[test:%5B1%3A Simple HTML file (*.html)%5D]/[test:testExportingNullEntriesThrowsNPE%5B1%3A Simple HTML file (*.html)%5D(org.jabref.logic.exporter.ExporterTest)]
display-name: testExportingNullEntriesThrowsNPE[1: Simple HTML file (*.html)]
]]></system-out>
</testcase>
<testcase name="testExportingNullDatabaseThrowsNPE[1: Simple HTML file (*.html)]" classname="org.jabref.logic.exporter.ExporterTest" time="0">
<system-out><![CDATA[
unique-id: [engine:junit-vintage]/[runner:org.jabref.logic.exporter.ExporterTest]/[test:%5B1%3A Simple HTML file (*.html)%5D]/[test:testExportingNullDatabaseThrowsNPE%5B1%3A Simple HTML file (*.html)%5D(org.jabref.logic.exporter.ExporterTest)]
display-name: testExportingNullDatabaseThrowsNPE[1: Simple HTML file (*.html)]
]]></system-out>
</testcase>
<testcase name="testExportingEmptyDatabaseYieldsEmptyFile[2: Docbook 4.4 file (*.xml)]" classname="org.jabref.logic.exporter.ExporterTest" time="0.001">
<system-out><![CDATA[
unique-id: [engine:junit-vintage]/[runner:org.jabref.logic.exporter.ExporterTest]/[test:%5B2%3A Docbook 4.4 file (*.xml)%5D]/[test:testExportingEmptyDatabaseYieldsEmptyFile%5B2%3A Docbook 4.4 file (*.xml)%5D(org.jabref.logic.exporter.ExporterTest)]
display-name: testExportingEmptyDatabaseYieldsEmptyFile[2: Docbook 4.4 file (*.xml)]
]]></system-out>
</testcase>
<testcase name="testExportingNullEntriesThrowsNPE[2: Docbook 4.4 file (*.xml)]" classname="org.jabref.logic.exporter.ExporterTest" time="0.001">
<system-out><![CDATA[
unique-id: [engine:junit-vintage]/[runner:org.jabref.logic.exporter.ExporterTest]/[test:%5B2%3A Docbook 4.4 file (*.xml)%5D]/[test:testExportingNullEntriesThrowsNPE%5B2%3A Docbook 4.4 file (*.xml)%5D(org.jabref.logic.exporter.ExporterTest)]
display-name: testExportingNullEntriesThrowsNPE[2: Docbook 4.4 file (*.xml)]
]]></system-out>
</testcase>
<testcase name="testExportingNullDatabaseThrowsNPE[2: Docbook 4.4 file (*.xml)]" classname="org.jabref.logic.exporter.ExporterTest" time="0">
<system-out><![CDATA[
unique-id: [engine:junit-vintage]/[runner:org.jabref.logic.exporter.ExporterTest]/[test:%5B2%3A Docbook 4.4 file (*.xml)%5D]/[test:testExportingNullDatabaseThrowsNPE%5B2%3A Docbook 4.4 file (*.xml)%5D(org.jabref.logic.exporter.ExporterTest)]
display-name: testExportingNullDatabaseThrowsNPE[2: Docbook 4.4 file (*.xml)]
]]></system-out>
</testcase>
<testcase name="testExportingEmptyDatabaseYieldsEmptyFile[3: DIN 1505 file (*.rtf)]" classname="org.jabref.logic.exporter.ExporterTest" time="0.001">
<system-out><![CDATA[
unique-id: [engine:junit-vintage]/[runner:org.jabref.logic.exporter.ExporterTest]/[test:%5B3%3A DIN 1505 file (*.rtf)%5D]/[test:testExportingEmptyDatabaseYieldsEmptyFile%5B3%3A DIN 1505 file (*.rtf)%5D(org.jabref.logic.exporter.ExporterTest)]
display-name: testExportingEmptyDatabaseYieldsEmptyFile[3: DIN 1505 file (*.rtf)]
]]></system-out>
</testcase>
<testcase name="testExportingNullEntriesThrowsNPE[3: DIN 1505 file (*.rtf)]" classname="org.jabref.logic.exporter.ExporterTest" time="0.001">
<system-out><![CDATA[
[...]
display-name: testRenameFileWithFromFileExistAndToFileNotExist
]]></system-out>
</testcase>
<testcase name="testRenameFileWithFromFileIsNullAndToFileExist" classname="org.jabref.logic.util.io.FileUtilTest" time="0.001">
<system-out><![CDATA[
unique-id: [engine:junit-vintage]/[runner:org.jabref.logic.util.io.FileUtilTest]/[test:testRenameFileWithFromFileIsNullAndToFileExist(org.jabref.logic.util.io.FileUtilTest)]
display-name: testRenameFileWithFromFileIsNullAndToFileExist
]]></system-out>
</testcase>
<testcase name="testRenameFileWithFromFileNotExistAndToFileNotExist" classname="org.jabref.logic.util.io.FileUtilTest" time="0.001">
<system-out><![CDATA[
unique-id: [engine:junit-vintage]/[runner:org.jabref.logic.util.io.FileUtilTest]/[test:testRenameFileWithFromFileNotExistAndToFileNotExist(org.jabref.logic.util.io.FileUtilTest)]
display-name: testRenameFileWithFromFileNotExistAndToFileNotExist
]]></system-out>
</testcase>
<testcase name="validFilenameWithoutExtension" classname="org.jabref.logic.util.io.FileUtilTest" time="0.001">
<system-out><![CDATA[
unique-id: [engine:junit-vintage]/[runner:org.jabref.logic.util.io.FileUtilTest]/[test:validFilenameWithoutExtension(org.jabref.logic.util.io.FileUtilTest)]
display-name: validFilenameWithoutExtension
]]></system-out>
</testcase>
<testcase name="testCopyFileFromEmptySourcePathToEmptyDestinationPathWithoutOverrideExistFile" classname="org.jabref.logic.util.io.FileUtilTest" time="0.001">
<system-out><![CDATA[
unique-id: [engine:junit-vintage]/[runner:org.jabref.logic.util.io.FileUtilTest]/[test:testCopyFileFromEmptySourcePathToEmptyDestinationPathWithoutOverrideExistFile(org.jabref.logic.util.io.FileUtilTest)]
display-name: testCopyFileFromEmptySourcePathToEmptyDestinationPathWithoutOverrideExistFile
]]></system-out>
</testcase>
<testcase name="testRenameFileWithFromFileNotExistAndToFileExist" classname="org.jabref.logic.util.io.FileUtilTest" time="0.002">
<system-out><![CDATA[
unique-id: [engine:junit-vintage]/[runner:org.jabref.logic.util.io.FileUtilTest]/[test:testRenameFileWithFromFileNotExistAndToFileExist(org.jabref.logic.util.io.FileUtilTest)]
display-name: testRenameFileWithFromFileNotExistAndToFileExist
]]></system-out>
</testcase>
<testcase name="testCopyFileSuccessfulWithOverrideExistFile" classname="org.jabref.logic.util.io.FileUtilTest" time="0.001">
<system-out><![CDATA[
unique-id: [engine:junit-vintage]/[runner:org.jabref.logic.util.io.FileUtilTest]/[test:testCopyFileSuccessfulWithOverrideExistFile(org.jabref.logic.util.io.FileUtilTest)]
display-name: testCopyFileSuccessfulWithOverrideExistFile
]]></system-out>
</testcase>
<testcase name="testRenameFileWithFromFileIsNullAndToFileIsNull" classname="org.jabref.logic.util.io.FileUtilTest" time="0">
<system-out><![CDATA[
unique-id: [engine:junit-vintage]/[runner:org.jabref.logic.util.io.FileUtilTest]/[test:testRenameFileWithFromFileIsNullAndToFileIsNull(org.jabref.logic.util.io.FileUtilTest)]
display-name: testRenameFileWithFromFileIsNullAndToFileIsNull
]]></system-out>
</testcase>
<testcase name="getFileNameWithMultipleDotsString" classname="org.jabref.logic.util.io.FileUtilTest" time="0">
<system-out><![CDATA[
unique-id: [engine:junit-vintage]/[runner:org.jabref.logic.util.io.FileUtilTest]/[test:getFileNameWithMultipleDotsString(org.jabref.logic.util.io.FileUtilTest)]
display-name: getFileNameWithMultipleDotsString
]]></system-out>
</testcase>
<testcase name="uniquePathSubstrings" classname="org.jabref.logic.util.io.FileUtilTest" time="0.002">
<system-out><![CDATA[
unique-id: [engine:junit-vintage]/[runner:org.jabref.logic.util.io.FileUtilTest]/[test:uniquePathSubstrings(org.jabref.logic.util.io.FileUtilTest)]
display-name: uniquePathSubstrings
]]></system-out>
</testcase>
<testcase name="testGetFileExtensionSimpleFile" classname="org.jabref.logic.util.io.FileUtilTest" time="0.001">
<system-out><![CDATA[
unique-id: [engine:junit-vintage]/[runner:org.jabref.logic.util.io.FileUtilTest]/[test:testGetFileExtensionSimpleFile(org.jabref.logic.util.io.FileUtilTest)]
display-name: testGetFileExtensionSimpleFile
]]></system-out>
</testcase>
<testcase name="getFileExtensionWithDotAtStartReturnsEmptyExtension" classname="org.jabref.logic.util.io.FileUtilTest" time="0.001">
<system-out><![CDATA[
unique-id: [engine:junit-vintage]/[runner:org.jabref.logic.util.io.FileUtilTest]/[test:getFileExtensionWithDotAtStartReturnsEmptyExtension(org.jabref.logic.util.io.FileUtilTest)]
display-name: getFileExtensionWithDotAtStartReturnsEmptyExtension
]]></system-out>
</testcase>
<testcase name="getFileNameWithSimpleString" classname="org.jabref.logic.util.io.FileUtilTest" time="0.001">
<system-out><![CDATA[
unique-id: [engine:junit-vintage]/[runner:org.jabref.logic.util.io.FileUtilTest]/[test:getFileNameWithSimpleString(org.jabref.logic.util.io.FileUtilTest)]
display-name: getFileNameWithSimpleString
]]></system-out>
</testcase>
<testcase name="testGetLinkedFileNameDefaultWithLayout" classname="org.jabref.logic.util.io.FileUtilTest" time="0.001">
<system-out><![CDATA[
unique-id: [engine:junit-vintage]/[runner:org.jabref.logic.util.io.FileUtilTest]/[test:testGetLinkedFileNameDefaultWithLayout(org.jabref.logic.util.io.FileUtilTest)]
display-name: testGetLinkedFileNameDefaultWithLayout
]]></system-out>
</testcase>
<testcase name="testCopyFileFromExistSourcePathToOtherExistDestinationPathWithOverrideExistFile" classname="org.jabref.logic.util.io.FileUtilTest" time="0.001">
<system-out><![CDATA[
unique-id: [engine:junit-vintage]/[runner:org.jabref.logic.util.io.FileUtilTest]/[test:testCopyFileFromExistSourcePathToOtherExistDestinationPathWithOverrideExistFile(org.jabref.logic.util.io.FileUtilTest)]
display-name: testCopyFileFromExistSourcePathToOtherExistDestinationPathWithOverrideExistFile
]]></system-out>
</testcase>
<testcase name="testCopyFileFromEmptySourcePathToEmptyDestinationPathWithOverrideExistFile" classname="org.jabref.logic.util.io.FileUtilTest" time="0.001">
<system-out><![CDATA[
unique-id: [engine:junit-vintage]/[runner:org.jabref.logic.util.io.FileUtilTest]/[test:testCopyFileFromEmptySourcePathToEmptyDestinationPathWithOverrideExistFile(org.jabref.logic.util.io.FileUtilTest)]
display-name: testCopyFileFromEmptySourcePathToEmptyDestinationPathWithOverrideExistFile
]]></system-out>
</testcase>
<testcase name="testRenameFileSuccessful" classname="org.jabref.logic.util.io.FileUtilTest" time="0.001">
<system-out><![CDATA[
unique-id: [engine:junit-vintage]/[runner:org.jabref.logic.util.io.FileUtilTest]/[test:testRenameFileSuccessful(org.jabref.logic.util.io.FileUtilTest)]
display-name: testRenameFileSuccessful
]]></system-out>
</testcase>
<testcase name="validFilenameShouldBeMaximum255Chars" classname="org.jabref.logic.util.io.FileUtilTest" time="0.002">
<system-out><![CDATA[
unique-id: [engine:junit-vintage]/[runner:org.jabref.logic.util.io.FileUtilTest]/[test:validFilenameShouldBeMaximum255Chars(org.jabref.logic.util.io.FileUtilTest)]
display-name: validFilenameShouldBeMaximum255Chars
]]></system-out>
</testcase>
<testcase name="testGetLinkedFileNameNoPattern" classname="org.jabref.logic.util.io.FileUtilTest" time="0.001">
<system-out><![CDATA[
unique-id: [engine:junit-vintage]/[runner:org.jabref.logic.util.io.FileUtilTest]/[test:testGetLinkedFileNameNoPattern(org.jabref.logic.util.io.FileUtilTest)]
display-name: testGetLinkedFileNameNoPattern
]]></system-out>
</testcase>
<testcase name="testGetLinkedDirNameDefaultFullTitle" classname="org.jabref.logic.util.io.FileUtilTest" time="0.001">
<system-out><![CDATA[
unique-id: [engine:junit-vintage]/[runner:org.jabref.logic.util.io.FileUtilTest]/[test:testGetLinkedDirNameDefaultFullTitle(org.jabref.logic.util.io.FileUtilTest)]
display-name: testGetLinkedDirNameDefaultFullTitle
]]></system-out>
</testcase>
<testcase name="testCopyFileFromExistSourcePathToOtherExistDestinationPathWithoutOverrideExistFile" classname="org.jabref.logic.util.io.FileUtilTest" time="0.001">
<system-out><![CDATA[
unique-id: [engine:junit-vintage]/[runner:org.jabref.logic.util.io.FileUtilTest]/[test:testCopyFileFromExistSourcePathToOtherExistDestinationPathWithoutOverrideExistFile(org.jabref.logic.util.io.FileUtilTest)]
display-name: testCopyFileFromExistSourcePathToOtherExistDestinationPathWithoutOverrideExistFile
]]></system-out>
</testcase>
<testcase name="testGetLinkedFileNameGetDefaultIfEmptyFieldNoKeyWithLayout" classname="org.jabref.logic.util.io.FileUtilTest" time="0.001">
<system-out><![CDATA[
unique-id: [engine:junit-vintage]/[runner:org.jabref.logic.util.io.FileUtilTest]/[test:testGetLinkedFileNameGetDefaultIfEmptyFieldNoKeyWithLayout(org.jabref.logic.util.io.FileUtilTest)]
display-name: testGetLinkedFileNameGetDefaultIfEmptyFieldNoKeyWithLayout
]]></system-out>
</testcase>
<testcase name="testGetDefaultFileNameNoPatternNoBibTeXKeyWithLayout" classname="org.jabref.logic.util.io.FileUtilTest" time="0.001">
<system-out><![CDATA[
unique-id: [engine:junit-vintage]/[runner:org.jabref.logic.util.io.FileUtilTest]/[test:testGetDefaultFileNameNoPatternNoBibTeXKeyWithLayout(org.jabref.logic.util.io.FileUtilTest)]
display-name: testGetDefaultFileNameNoPatternNoBibTeXKeyWithLayout
]]></system-out>
</testcase>
<testcase name="testCopyFileFromEmptySourcePathToExistDestinationPathWithoutOverrideExistFile" classname="org.jabref.logic.util.io.FileUtilTest" time="0.001">
<system-out><![CDATA[
unique-id: [engine:junit-vintage]/[runner:org.jabref.logic.util.io.FileUtilTest]/[test:testCopyFileFromEmptySourcePathToExistDestinationPathWithoutOverrideExistFile(org.jabref.logic.util.io.FileUtilTest)]
display-name: testCopyFileFromEmptySourcePathToExistDestinationPathWithoutOverrideExistFile
]]></system-out>
</testcase>
<testcase name="getFileExtensionWithNoDotReturnsEmptyExtension" classname="org.jabref.logic.util.io.FileUtilTest" time="0">
<system-out><![CDATA[
unique-id: [engine:junit-vintage]/[runner:org.jabref.logic.util.io.FileUtilTest]/[test:getFileExtensionWithNoDotReturnsEmptyExtension(org.jabref.logic.util.io.FileUtilTest)]
display-name: getFileExtensionWithNoDotReturnsEmptyExtension
]]></system-out>
</testcase>
<testcase name="testHowpublishedChecks" classname="org.jabref.logic.integrity.IntegrityCheckTest" time="0.103">
<system-out><![CDATA[
unique-id: [engine:junit-vintage]/[runner:org.jabref.logic.integrity.IntegrityCheckTest]/[test:testHowpublishedChecks(org.jabref.logic.integrity.IntegrityCheckTest)]
display-name: testHowpublishedChecks
]]></system-out>
</testcase>
<testcase name="testPageNumbersChecks" classname="org.jabref.logic.integrity.IntegrityCheckTest" time="0.039">
<system-out><![CDATA[
unique-id: [engine:junit-vintage]/[runner:org.jabref.logic.integrity.IntegrityCheckTest]/[test:testPageNumbersChecks(org.jabref.logic.integrity.IntegrityCheckTest)]
display-name: testPageNumbersChecks
]]></system-out>
</testcase>
<testcase name="testDOIChecks" classname="org.jabref.logic.integrity.IntegrityCheckTest" time="0.012">
<system-out><![CDATA[
unique-id: [engine:junit-vintage]/[runner:org.jabref.logic.integrity.IntegrityCheckTest]/[test:testDOIChecks(org.jabref.logic.integrity.IntegrityCheckTest)]
display-name: testDOIChecks
]]></system-out>
</testcase>
<testcase name="testAbbreviationChecks" classname="org.jabref.logic.integrity.IntegrityCheckTest" time="0.016">
<system-out><![CDATA[
unique-id: [engine:junit-vintage]/[runner:org.jabref.logic.integrity.IntegrityCheckTest]/[test:testAbbreviationChecks(org.jabref.logic.integrity.IntegrityCheckTest)]
display-name: testAbbreviationChecks
]]></system-out>
</testcase>
<testcase name="fileCheckFindsFilesRelativeToBibFile" classname="org.jabref.logic.integrity.IntegrityCheckTest" time="0.003">
<system-out><![CDATA[
unique-id: [engine:junit-vintage]/[runner:org.jabref.logic.integrity.IntegrityCheckTest]/[test:fileCheckFindsFilesRelativeToBibFile(org.jabref.logic.integrity.IntegrityCheckTest)]
display-name: fileCheckFindsFilesRelativeToBibFile
]]></system-out>
</testcase>
<testcase name="testJournaltitleChecks" classname="org.jabref.logic.integrity.IntegrityCheckTest" time="0.003">
<system-out><![CDATA[
unique-id: [engine:junit-vintage]/[runner:org.jabref.logic.integrity.IntegrityCheckTest]/[test:testJournaltitleChecks(org.jabref.logic.integrity.IntegrityCheckTest)]
display-name: testJournaltitleChecks
]]></system-out>
</testcase>
<testcase name="testTitleChecks" classname="org.jabref.logic.integrity.IntegrityCheckTest" time="0.021">
<system-out><![CDATA[
unique-id: [engine:junit-vintage]/[runner:org.jabref.logic.integrity.IntegrityCheckTest]/[test:testTitleChecks(org.jabref.logic.integrity.IntegrityCheckTest)]
display-name: testTitleChecks
]]></system-out>
</testcase>
<testcase name="testMonthChecks" classname="org.jabref.logic.integrity.IntegrityCheckTest" time="0.019">
<system-out><![CDATA[
unique-id: [engine:junit-vintage]/[runner:org.jabref.logic.integrity.IntegrityCheckTest]/[test:testMonthChecks(org.jabref.logic.integrity.IntegrityCheckTest)]
display-name: testMonthChecks
]]></system-out>
</testcase>
<testcase name="testBooktitleChecks" classname="org.jabref.logic.integrity.IntegrityCheckTest" time="0.005">
<system-out><![CDATA[
unique-id: [engine:junit-vintage]/[runner:org.jabref.logic.integrity.IntegrityCheckTest]/[test:testBooktitleChecks(org.jabref.logic.integrity.IntegrityCheckTest)]
display-name: testBooktitleChecks
]]></system-out>
</testcase>
<testcase name="testBiblatexPageNumbersChecks" classname="org.jabref.logic.integrity.IntegrityCheckTest" time="0.008">
<system-out><![CDATA[
unique-id: [engine:junit-vintage]/[runner:org.jabref.logic.integrity.IntegrityCheckTest]/[test:testBiblatexPageNumbersChecks(org.jabref.logic.integrity.IntegrityCheckTest)]
display-name: testBiblatexPageNumbersChecks
]]></system-out>
</testcase>
<testcase name="testUrlChecks" classname="org.jabref.logic.integrity.IntegrityCheckTest" time="0.014">
<system-out><![CDATA[
unique-id: [engine:junit-vintage]/[runner:org.jabref.logic.integrity.IntegrityCheckTest]/[test:testUrlChecks(org.jabref.logic.integrity.IntegrityCheckTest)]
display-name: testUrlChecks
]]></system-out>
</testcase>
<testcase name="testHTMLCharacterChecks" classname="org.jabref.logic.integrity.IntegrityCheckTest" time="0.016">
<system-out><![CDATA[
unique-id: [engine:junit-vintage]/[runner:org.jabref.logic.integrity.IntegrityCheckTest]/[test:testHTMLCharacterChecks(org.jabref.logic.integrity.IntegrityCheckTest)]
display-name: testHTMLCharacterChecks
]]></system-out>
</testcase>
<testcase name="testFileChecks" classname="org.jabref.logic.integrity.IntegrityCheckTest" time="0.122">
<system-out><![CDATA[
unique-id: [engine:junit-vintage]/[runner:org.jabref.logic.integrity.IntegrityCheckTest]/[test:testFileChecks(org.jabref.logic.integrity.IntegrityCheckTest)]
display-name: testFileChecks
]]></system-out>
</testcase>
<testcase name="testYearChecks" classname="org.jabref.logic.integrity.IntegrityCheckTest" time="0.035">
<system-out><![CDATA[
unique-id: [engine:junit-vintage]/[runner:org.jabref.logic.integrity.IntegrityCheckTest]/[test:testYearChecks(org.jabref.logic.integrity.IntegrityCheckTest)]
display-name: testYearChecks
]]></system-out>
</testcase>
<testcase name="testBibStringChecks" classname="org.jabref.logic.integrity.IntegrityCheckTest" time="0.013">
<system-out><![CDATA[
unique-id: [engine:junit-vintage]/[runner:org.jabref.logic.integrity.IntegrityCheckTest]/[test:testBibStringChecks(org.jabref.logic.integrity.IntegrityCheckTest)]
display-name: testBibStringChecks
]]></system-out>
</testcase>
<testcase name="testEntryIsUnchangedAfterChecks" classname="org.jabref.logic.integrity.IntegrityCheckTest" time="0.015">
<system-out><![CDATA[
unique-id: [engine:junit-vintage]/[runner:org.jabref.logic.integrity.IntegrityCheckTest]/[test:testEntryIsUnchangedAfterChecks(org.jabref.logic.integrity.IntegrityCheckTest)]
display-name: testEntryIsUnchangedAfterChecks
]]></system-out>
</testcase>
<testcase name="testAuthorNameChecks" classname="org.jabref.logic.integrity.IntegrityCheckTest" time="0.096">
<system-out><![CDATA[
unique-id: [engine:junit-vintage]/[runner:org.jabref.logic.integrity.IntegrityCheckTest]/[test:testAuthorNameChecks(org.jabref.logic.integrity.IntegrityCheckTest)]
display-name: testAuthorNameChecks
]]></system-out>
</testcase>
<testcase name="testEntryTypeChecks" classname="org.jabref.logic.integrity.IntegrityCheckTest" time="0.006">
<system-out><![CDATA[
unique-id: [engine:junit-vintage]/[runner:org.jabref.logic.integrity.IntegrityCheckTest]/[test:testEntryTypeChecks(org.jabref.logic.integrity.IntegrityCheckTest)]
display-name: testEntryTypeChecks
]]></system-out>
</testcase>
<testcase name="testEditionChecks" classname="org.jabref.logic.integrity.IntegrityCheckTest" time="0.014">
<system-out><![CDATA[
unique-id: [engine:junit-vintage]/[runner:org.jabref.logic.integrity.IntegrityCheckTest]/[test:testEditionChecks(org.jabref.logic.integrity.IntegrityCheckTest)]
display-name: testEditionChecks
]]></system-out>
</testcase>
<testcase name="testISSNChecks" classname="org.jabref.logic.integrity.IntegrityCheckTest" time="0.01">
<system-out><![CDATA[
unique-id: [engine:junit-vintage]/[runner:org.jabref.logic.integrity.IntegrityCheckTest]/[test:testISSNChecks(org.jabref.logic.integrity.IntegrityCheckTest)]
display-name: testISSNChecks
]]></system-out>
</testcase>
<testcase name="testTypeChecks" classname="org.jabref.logic.integrity.IntegrityCheckTest" time="0.046">
<system-out><![CDATA[
unique-id: [engine:junit-vintage]/[runner:org.jabref.logic.integrity.IntegrityCheckTest]/[test:testTypeChecks(org.jabref.logic.integrity.IntegrityCheckTest)]
display-name: testTypeChecks
]]></system-out>
</testcase>
<testcase name="testJournalIsKnownInAbbreviationList" classname="org.jabref.logic.integrity.IntegrityCheckTest" time="0.005">
<system-out><![CDATA[
unique-id: [engine:junit-vintage]/[runner:org.jabref.logic.integrity.IntegrityCheckTest]/[test:testJournalIsKnownInAbbreviationList(org.jabref.logic.integrity.IntegrityCheckTest)]
display-name: testJournalIsKnownInAbbreviationList
]]></system-out>
</testcase>
<testcase name="testASCIIChecks" classname="org.jabref.logic.integrity.IntegrityCheckTest" time="0.007">
<system-out><![CDATA[
unique-id: [engine:junit-vintage]/[runner:org.jabref.logic.integrity.IntegrityCheckTest]/[test:testASCIIChecks(org.jabref.logic.integrity.IntegrityCheckTest)]
display-name: testASCIIChecks
]]></system-out>
</testcase>
<testcase name="testBracketChecks" classname="org.jabref.logic.integrity.IntegrityCheckTest" time="0.014">
<system-out><![CDATA[
unique-id: [engine:junit-vintage]/[runner:org.jabref.logic.integrity.IntegrityCheckTest]/[test:testBracketChecks(org.jabref.logic.integrity.IntegrityCheckTest)]
display-name: testBracketChecks
]]></system-out>
</testcase>
<testcase name="testISBNChecks" classname="org.jabref.logic.integrity.IntegrityCheckTest" time="0.012">
<system-out><![CDATA[
unique-id: [engine:junit-vintage]/[runner:org.jabref.logic.integrity.IntegrityCheckTest]/[test:testISBNChecks(org.jabref.logic.integrity.IntegrityCheckTest)]
display-name: testISBNChecks
]]></system-out>
</testcase>
<testcase name="testBibtexkeyChecks" classname="org.jabref.logic.integrity.IntegrityCheckTest" time="0.006">
<system-out><![CDATA[
unique-id: [engine:junit-vintage]/[runner:org.jabref.logic.integrity.IntegrityCheckTest]/[test:testBibtexkeyChecks(org.jabref.logic.integrity.IntegrityCheckTest)]
display-name: testBibtexkeyChecks
]]></system-out>
</testcase>
<testcase name="testNoteChecks" classname="org.jabref.logic.integrity.IntegrityCheckTest" time="0.009">
<system-out><![CDATA[
unique-id: [engine:junit-vintage]/[runner:org.jabref.logic.integrity.IntegrityCheckTest]/[test:testNoteChecks(org.jabref.logic.integrity.IntegrityCheckTest)]
display-name: testNoteChecks
]]></system-out>
</testcase>
<system-out><![CDATA[
unique-id: [engine:junit-vintage]
display-name: JUnit Vintage
]]></system-out>
</testsuite>
